2017/11/14 11:19:36 ZEBRA: Zebra 0.99.22.4 starting: vty@2601
2017/11/14 19:22:57 ZEBRA: Zebra 0.99.22.4 starting: vty@2601
2017/11/14 19:22:57 ZEBRA: zebra message received [ZEBRA_HELLO] 1
2017/11/14 19:22:57 ZEBRA: client 16 says hello and bids fair to announce only ospf routes
2017/11/14 19:22:57 ZEBRA: zebra message received [ZEBRA_ROUTER_ID_ADD] 0
2017/11/14 19:22:57 ZEBRA: zebra message received [ZEBRA_INTERFACE_ADD] 0
2017/11/14 19:22:57 ZEBRA: zebra message received [ZEBRA_HELLO] 1
2017/11/14 19:22:57 ZEBRA: client 17 says hello and bids fair to announce only ospf6 routes
2017/11/14 19:22:57 ZEBRA: zebra message received [ZEBRA_ROUTER_ID_ADD] 0
2017/11/14 19:22:57 ZEBRA: zebra message received [ZEBRA_INTERFACE_ADD] 0
2017/11/14 19:22:57 ZEBRA: zebra message received [ZEBRA_IPV4_ROUTE_ADD] 19
2017/11/14 19:23:59 ZEBRA: zebra message received [ZEBRA_IPV4_ROUTE_ADD] 23
2017/11/14 19:23:59 ZEBRA: zebra message received [ZEBRA_IPV4_ROUTE_ADD] 23
2017/11/14 19:23:59 ZEBRA: zebra message received [ZEBRA_IPV4_ROUTE_ADD] 23
2017/11/14 19:24:54 ZEBRA: zebra message received [ZEBRA_IPV4_ROUTE_ADD] 23
2017/11/14 21:11:29 ZEBRA: zebra message received [ZEBRA_IPV4_ROUTE_DELETE] 19
2017/11/14 21:11:29 ZEBRA: zebra message received [ZEBRA_IPV4_ROUTE_DELETE] 19
2017/11/14 21:11:29 ZEBRA: zebra message received [ZEBRA_IPV4_ROUTE_DELETE] 19
2017/11/14 21:11:29 ZEBRA: zebra message received [ZEBRA_IPV4_ROUTE_DELETE] 19
2017/11/14 21:11:48 ZEBRA: zebra message received [ZEBRA_IPV4_ROUTE_DELETE] 15
2017/11/14 21:11:48 ZEBRA: client 16 disconnected. 0 ospf routes removed from the rib
2017/11/14 21:11:50 ZEBRA: client 17 disconnected. 0 ospf6 routes removed from the rib
2017/11/14 21:11:52 ZEBRA: Terminating on signal
2017/11/14 21:11:52 ZEBRA: IRDP: Received shutdown notification.
2017/11/15 15:08:56 ZEBRA: Zebra 0.99.22.4 starting: vty@2601
2017/11/15 15:08:56 ZEBRA: zebra message received [ZEBRA_HELLO] 1
2017/11/15 15:08:56 ZEBRA: client 16 says hello and bids fair to announce only ospf routes
2017/11/15 15:08:56 ZEBRA: zebra message received [ZEBRA_ROUTER_ID_ADD] 0
2017/11/15 15:08:56 ZEBRA: zebra message received [ZEBRA_INTERFACE_ADD] 0
2017/11/15 15:08:56 ZEBRA: zebra message received [ZEBRA_HELLO] 1
2017/11/15 15:08:56 ZEBRA: client 17 says hello and bids fair to announce only ospf6 routes
2017/11/15 15:08:56 ZEBRA: zebra message received [ZEBRA_ROUTER_ID_ADD] 0
2017/11/15 15:08:56 ZEBRA: zebra message received [ZEBRA_INTERFACE_ADD] 0
2017/11/15 15:08:56 ZEBRA: zebra message received [ZEBRA_IPV4_ROUTE_ADD] 19
2017/11/15 15:09:57 ZEBRA: zebra message received [ZEBRA_IPV4_ROUTE_ADD] 23
2017/11/15 15:09:57 ZEBRA: zebra message received [ZEBRA_IPV4_ROUTE_ADD] 23
2017/11/15 15:09:57 ZEBRA: zebra message received [ZEBRA_IPV4_ROUTE_ADD] 23
2017/11/15 15:10:05 ZEBRA: zebra message received [ZEBRA_IPV4_ROUTE_ADD] 23
2017/11/15 17:30:58 ZEBRA: zebra message received [ZEBRA_IPV4_ROUTE_DELETE] 19
2017/11/15 17:30:58 ZEBRA: zebra message received [ZEBRA_IPV4_ROUTE_DELETE] 19
2017/11/15 17:30:58 ZEBRA: zebra message received [ZEBRA_IPV4_ROUTE_DELETE] 19
2017/11/15 17:30:58 ZEBRA: zebra message received [ZEBRA_IPV4_ROUTE_DELETE] 15
2017/11/15 17:30:58 ZEBRA: zebra message received [ZEBRA_IPV4_ROUTE_DELETE] 19
2017/11/15 17:30:58 ZEBRA: client 16 disconnected. 0 ospf routes removed from the rib
2017/11/15 17:31:00 ZEBRA: client 17 disconnected. 0 ospf6 routes removed from the rib
2017/11/15 17:31:02 ZEBRA: Terminating on signal
2017/11/15 17:31:02 ZEBRA: IRDP: Received shutdown notification.
2017/11/15 17:43:43 ZEBRA: Zebra 0.99.22.4 starting: vty@2601
2017/11/15 17:43:43 ZEBRA: zebra message received [ZEBRA_HELLO] 1
2017/11/15 17:43:43 ZEBRA: client 16 says hello and bids fair to announce only ospf routes
2017/11/15 17:43:43 ZEBRA: zebra message received [ZEBRA_ROUTER_ID_ADD] 0
2017/11/15 17:43:43 ZEBRA: zebra message received [ZEBRA_INTERFACE_ADD] 0
2017/11/15 17:43:43 ZEBRA: zebra message received [ZEBRA_HELLO] 1
2017/11/15 17:43:43 ZEBRA: client 17 says hello and bids fair to announce only ospf6 routes
2017/11/15 17:43:43 ZEBRA: zebra message received [ZEBRA_ROUTER_ID_ADD] 0
2017/11/15 17:43:43 ZEBRA: zebra message received [ZEBRA_INTERFACE_ADD] 0
2017/11/15 17:43:44 ZEBRA: zebra message received [ZEBRA_IPV4_ROUTE_ADD] 19
2017/11/15 17:44:27 ZEBRA: zebra message received [ZEBRA_IPV6_ROUTE_ADD] 41
2017/11/15 17:44:32 ZEBRA: zebra message received [ZEBRA_IPV6_ROUTE_ADD] 41
2017/11/15 17:44:32 ZEBRA: zebra message received [ZEBRA_IPV6_ROUTE_ADD] 41
2017/11/15 17:44:32 ZEBRA: zebra message received [ZEBRA_IPV6_ROUTE_ADD] 41
2017/11/15 17:44:32 ZEBRA: zebra message received [ZEBRA_IPV6_ROUTE_ADD] 41
2017/11/15 17:44:32 ZEBRA: zebra message received [ZEBRA_IPV6_ROUTE_ADD] 41
2017/11/15 17:44:32 ZEBRA: zebra message received [ZEBRA_IPV4_ROUTE_ADD] 23
2017/11/15 17:44:32 ZEBRA: zebra message received [ZEBRA_IPV4_ROUTE_ADD] 23
2017/11/15 17:44:32 ZEBRA: zebra message received [ZEBRA_IPV4_ROUTE_ADD] 23
2017/11/15 17:44:37 ZEBRA: zebra message received [ZEBRA_IPV6_ROUTE_DELETE] 41
2017/11/15 17:44:37 ZEBRA: zebra message received [ZEBRA_IPV6_ROUTE_DELETE] 41
2017/11/15 17:44:37 ZEBRA: zebra message received [ZEBRA_IPV6_ROUTE_ADD] 41
2017/11/15 17:44:37 ZEBRA: zebra message received [ZEBRA_IPV6_ROUTE_ADD] 41
2017/11/15 17:44:37 ZEBRA: zebra message received [ZEBRA_IPV6_ROUTE_ADD] 63
2017/11/15 17:44:37 ZEBRA: zebra message received [ZEBRA_IPV4_ROUTE_ADD] 23
2017/11/15 19:11:49 ZEBRA: Zebra 0.99.22.4 starting: vty@2601
2017/11/15 19:11:49 ZEBRA: zebra message received [ZEBRA_HELLO] 1
2017/11/15 19:11:49 ZEBRA: client 16 says hello and bids fair to announce only ospf routes
2017/11/15 19:11:49 ZEBRA: zebra message received [ZEBRA_ROUTER_ID_ADD] 0
2017/11/15 19:11:49 ZEBRA: zebra message received [ZEBRA_INTERFACE_ADD] 0
2017/11/15 19:11:49 ZEBRA: zebra message received [ZEBRA_HELLO] 1
2017/11/15 19:11:49 ZEBRA: client 17 says hello and bids fair to announce only ospf6 routes
2017/11/15 19:11:49 ZEBRA: zebra message received [ZEBRA_ROUTER_ID_ADD] 0
2017/11/15 19:11:49 ZEBRA: zebra message received [ZEBRA_INTERFACE_ADD] 0
2017/11/15 19:11:49 ZEBRA: zebra message received [ZEBRA_IPV4_ROUTE_ADD] 19
2017/11/15 19:12:31 ZEBRA: zebra message received [ZEBRA_IPV6_ROUTE_ADD] 41
2017/11/15 19:12:36 ZEBRA: zebra message received [ZEBRA_IPV6_ROUTE_ADD] 41
2017/11/15 19:12:36 ZEBRA: zebra message received [ZEBRA_IPV6_ROUTE_ADD] 41
2017/11/15 19:12:36 ZEBRA: zebra message received [ZEBRA_IPV6_ROUTE_ADD] 41
2017/11/15 19:12:36 ZEBRA: zebra message received [ZEBRA_IPV6_ROUTE_ADD] 41
2017/11/15 19:12:36 ZEBRA: zebra message received [ZEBRA_IPV6_ROUTE_ADD] 41
2017/11/15 19:12:41 ZEBRA: zebra message received [ZEBRA_IPV4_ROUTE_ADD] 23
2017/11/15 19:12:41 ZEBRA: zebra message received [ZEBRA_IPV4_ROUTE_ADD] 23
2017/11/15 19:12:41 ZEBRA: zebra message received [ZEBRA_IPV4_ROUTE_ADD] 23
2017/11/15 19:12:41 ZEBRA: zebra message received [ZEBRA_IPV4_ROUTE_ADD] 23
2017/11/15 19:12:41 ZEBRA: zebra message received [ZEBRA_IPV4_ROUTE_ADD] 23
2017/11/15 19:12:45 ZEBRA: zebra message received [ZEBRA_IPV6_ROUTE_DELETE] 41
2017/11/15 19:12:45 ZEBRA: zebra message received [ZEBRA_IPV6_ROUTE_DELETE] 41
2017/11/15 19:12:45 ZEBRA: zebra message received [ZEBRA_IPV6_ROUTE_ADD] 41
2017/11/15 19:12:45 ZEBRA: zebra message received [ZEBRA_IPV6_ROUTE_ADD] 41
2017/11/15 19:12:50 ZEBRA: zebra message received [ZEBRA_IPV6_ROUTE_ADD] 63
2017/11/15 19:49:14 ZEBRA: zebra message received [ZEBRA_IPV6_ROUTE_DELETE] 41
2017/11/15 19:49:14 ZEBRA: zebra message received [ZEBRA_IPV6_ROUTE_DELETE] 41
2017/11/15 19:49:14 ZEBRA: zebra message received [ZEBRA_IPV6_ROUTE_ADD] 41
2017/11/15 19:49:14 ZEBRA: zebra message received [ZEBRA_IPV6_ROUTE_ADD] 41
2017/11/15 19:49:14 ZEBRA: zebra message received [ZEBRA_IPV6_ROUTE_ADD] 41
2017/11/15 19:49:16 ZEBRA: zebra message received [ZEBRA_IPV6_ROUTE_DELETE] 41
2017/11/15 19:49:16 ZEBRA: zebra message received [ZEBRA_IPV6_ROUTE_ADD] 63
2017/11/15 19:49:16 ZEBRA: zebra message received [ZEBRA_IPV6_ROUTE_ADD] 41
2017/11/15 19:49:24 ZEBRA: zebra message received [ZEBRA_IPV4_ROUTE_ADD] 23
2017/11/16 15:34:13 ZEBRA: Zebra 0.99.22.4 starting: vty@2601
2017/11/16 15:34:13 ZEBRA: zebra message received [ZEBRA_HELLO] 1
2017/11/16 15:34:13 ZEBRA: client 16 says hello and bids fair to announce only ospf routes
2017/11/16 15:34:13 ZEBRA: zebra message received [ZEBRA_ROUTER_ID_ADD] 0
2017/11/16 15:34:13 ZEBRA: zebra message received [ZEBRA_INTERFACE_ADD] 0
2017/11/16 15:34:13 ZEBRA: zebra message received [ZEBRA_HELLO] 1
2017/11/16 15:34:13 ZEBRA: client 17 says hello and bids fair to announce only ospf6 routes
2017/11/16 15:34:13 ZEBRA: zebra message received [ZEBRA_ROUTER_ID_ADD] 0
2017/11/16 15:34:13 ZEBRA: zebra message received [ZEBRA_INTERFACE_ADD] 0
2017/11/16 15:34:14 ZEBRA: zebra message received [ZEBRA_IPV4_ROUTE_ADD] 19
2017/11/16 15:34:57 ZEBRA: zebra message received [ZEBRA_IPV6_ROUTE_ADD] 41
2017/11/16 15:34:57 ZEBRA: zebra message received [ZEBRA_IPV6_ROUTE_ADD] 41
2017/11/16 15:34:57 ZEBRA: zebra message received [ZEBRA_IPV6_ROUTE_ADD] 41
2017/11/16 15:34:57 ZEBRA: zebra message received [ZEBRA_IPV6_ROUTE_ADD] 41
2017/11/16 15:35:02 ZEBRA: zebra message received [ZEBRA_IPV6_ROUTE_DELETE] 41
2017/11/16 15:35:02 ZEBRA: zebra message received [ZEBRA_IPV6_ROUTE_DELETE] 41
2017/11/16 15:35:02 ZEBRA: zebra message received [ZEBRA_IPV6_ROUTE_DELETE] 41
2017/11/16 15:35:02 ZEBRA: zebra message received [ZEBRA_IPV6_ROUTE_ADD] 41
2017/11/16 15:35:02 ZEBRA: zebra message received [ZEBRA_IPV6_ROUTE_ADD] 41
2017/11/16 15:35:02 ZEBRA: zebra message received [ZEBRA_IPV6_ROUTE_ADD] 41
2017/11/16 15:35:02 ZEBRA: zebra message received [ZEBRA_IPV6_ROUTE_ADD] 41
2017/11/16 15:35:02 ZEBRA: zebra message received [ZEBRA_IPV6_ROUTE_ADD] 41
2017/11/16 15:35:02 ZEBRA: zebra message received [ZEBRA_IPV6_ROUTE_ADD] 41
2017/11/16 15:35:03 ZEBRA: zebra message received [ZEBRA_IPV6_ROUTE_DELETE] 41
2017/11/16 15:35:03 ZEBRA: zebra message received [ZEBRA_IPV6_ROUTE_ADD] 41
2017/11/16 15:35:03 ZEBRA: zebra message received [ZEBRA_IPV4_ROUTE_ADD] 23
2017/11/16 15:35:03 ZEBRA: zebra message received [ZEBRA_IPV4_ROUTE_ADD] 23
2017/11/16 15:35:03 ZEBRA: zebra message received [ZEBRA_IPV4_ROUTE_ADD] 23
2017/11/16 15:35:03 ZEBRA: zebra message received [ZEBRA_IPV4_ROUTE_ADD] 23
2017/11/16 15:35:03 ZEBRA: zebra message received [ZEBRA_IPV4_ROUTE_ADD] 23
2017/11/16 15:35:04 ZEBRA: zebra message received [ZEBRA_IPV6_ROUTE_ADD] 41
2017/11/16 15:35:04 ZEBRA: zebra message received [ZEBRA_IPV6_ROUTE_ADD] 41
2017/11/16 15:35:04 ZEBRA: zebra message received [ZEBRA_IPV6_ROUTE_ADD] 41
2017/11/16 15:35:04 ZEBRA: zebra message received [ZEBRA_IPV6_ROUTE_ADD] 41
2017/11/16 15:35:07 ZEBRA: zebra message received [ZEBRA_IPV6_ROUTE_DELETE] 41
2017/11/16 15:35:07 ZEBRA: zebra message received [ZEBRA_IPV6_ROUTE_ADD] 41
2017/11/16 15:35:07 ZEBRA: zebra message received [ZEBRA_IPV6_ROUTE_ADD] 41
2017/11/16 15:35:07 ZEBRA: zebra message received [ZEBRA_IPV6_ROUTE_ADD] 63
2017/11/16 15:35:09 ZEBRA: zebra message received [ZEBRA_IPV4_ROUTE_ADD] 23
2017/11/16 15:35:12 ZEBRA: zebra message received [ZEBRA_IPV6_ROUTE_DELETE] 41
2017/11/16 15:35:12 ZEBRA: zebra message received [ZEBRA_IPV6_ROUTE_ADD] 41
2017/11/16 15:35:12 ZEBRA: zebra message received [ZEBRA_IPV6_ROUTE_DELETE] 41
2017/11/16 15:35:12 ZEBRA: zebra message received [ZEBRA_IPV6_ROUTE_ADD] 63
2017/11/16 15:35:12 ZEBRA: zebra message received [ZEBRA_IPV6_ROUTE_DELETE] 41
2017/11/16 15:35:12 ZEBRA: zebra message received [ZEBRA_IPV6_ROUTE_ADD] 41
2017/11/16 15:35:12 ZEBRA: zebra message received [ZEBRA_IPV6_ROUTE_ADD] 41
2017/11/16 15:35:13 ZEBRA: zebra message received [ZEBRA_IPV4_ROUTE_DELETE] 19
2017/11/16 15:35:13 ZEBRA: zebra message received [ZEBRA_IPV4_ROUTE_DELETE] 19
2017/11/16 15:35:13 ZEBRA: zebra message received [ZEBRA_IPV4_ROUTE_DELETE] 19
2017/11/16 15:35:13 ZEBRA: zebra message received [ZEBRA_IPV4_ROUTE_DELETE] 19
2017/11/16 15:35:13 ZEBRA: zebra message received [ZEBRA_IPV4_ROUTE_DELETE] 15
2017/11/16 15:35:13 ZEBRA: zebra message received [ZEBRA_IPV4_ROUTE_DELETE] 19
2017/11/16 15:35:13 ZEBRA: zebra message received [ZEBRA_IPV4_ROUTE_DELETE] 19
2017/11/16 15:35:13 ZEBRA: zebra message received [ZEBRA_IPV6_ROUTE_DELETE] 41
2017/11/16 15:35:13 ZEBRA: zebra message received [ZEBRA_IPV6_ROUTE_DELETE] 41
2017/11/16 15:35:13 ZEBRA: zebra message received [ZEBRA_IPV6_ROUTE_DELETE] 41
2017/11/16 15:35:13 ZEBRA: zebra message received [ZEBRA_IPV6_ROUTE_DELETE] 41
2017/11/16 15:35:49 ZEBRA: Zebra 0.99.22.4 starting: vty@2601
2017/11/16 15:35:49 ZEBRA: zebra message received [ZEBRA_HELLO] 1
2017/11/16 15:35:49 ZEBRA: client 16 says hello and bids fair to announce only ospf routes
2017/11/16 15:35:49 ZEBRA: zebra message received [ZEBRA_ROUTER_ID_ADD] 0
2017/11/16 15:35:49 ZEBRA: zebra message received [ZEBRA_INTERFACE_ADD] 0
2017/11/16 15:35:49 ZEBRA: zebra message received [ZEBRA_HELLO] 1
2017/11/16 15:35:49 ZEBRA: client 17 says hello and bids fair to announce only ospf6 routes
2017/11/16 15:35:49 ZEBRA: zebra message received [ZEBRA_ROUTER_ID_ADD] 0
2017/11/16 15:35:49 ZEBRA: zebra message received [ZEBRA_INTERFACE_ADD] 0
2017/11/16 15:35:49 ZEBRA: zebra message received [ZEBRA_IPV4_ROUTE_ADD] 19
2017/11/16 15:36:32 ZEBRA: zebra message received [ZEBRA_IPV6_ROUTE_ADD] 41
2017/11/16 15:36:32 ZEBRA: zebra message received [ZEBRA_IPV6_ROUTE_ADD] 41
2017/11/16 15:36:32 ZEBRA: zebra message received [ZEBRA_IPV6_ROUTE_ADD] 41
2017/11/16 15:36:32 ZEBRA: zebra message received [ZEBRA_IPV6_ROUTE_ADD] 41
2017/11/16 15:36:32 ZEBRA: zebra message received [ZEBRA_IPV6_ROUTE_ADD] 41
2017/11/16 15:36:32 ZEBRA: zebra message received [ZEBRA_IPV6_ROUTE_ADD] 41
2017/11/16 15:36:37 ZEBRA: zebra message received [ZEBRA_IPV6_ROUTE_DELETE] 41
2017/11/16 15:36:37 ZEBRA: zebra message received [ZEBRA_IPV6_ROUTE_DELETE] 41
2017/11/16 15:36:37 ZEBRA: zebra message received [ZEBRA_IPV6_ROUTE_ADD] 41
2017/11/16 15:36:37 ZEBRA: zebra message received [ZEBRA_IPV6_ROUTE_ADD] 41
2017/11/16 15:36:37 ZEBRA: zebra message received [ZEBRA_IPV6_ROUTE_ADD] 41
2017/11/16 15:36:38 ZEBRA: zebra message received [ZEBRA_IPV6_ROUTE_DELETE] 41
2017/11/16 15:36:38 ZEBRA: zebra message received [ZEBRA_IPV6_ROUTE_DELETE] 41
2017/11/16 15:36:38 ZEBRA: zebra message received [ZEBRA_IPV6_ROUTE_ADD] 41
2017/11/16 15:36:38 ZEBRA: zebra message received [ZEBRA_IPV6_ROUTE_ADD] 41
2017/11/16 15:36:38 ZEBRA: zebra message received [ZEBRA_IPV6_ROUTE_DELETE] 41
2017/11/16 15:36:38 ZEBRA: zebra message received [ZEBRA_IPV6_ROUTE_ADD] 41
2017/11/16 15:36:38 ZEBRA: zebra message received [ZEBRA_IPV4_ROUTE_ADD] 23
2017/11/16 15:36:38 ZEBRA: zebra message received [ZEBRA_IPV4_ROUTE_ADD] 23
2017/11/16 15:36:38 ZEBRA: zebra message received [ZEBRA_IPV4_ROUTE_ADD] 23
2017/11/16 15:36:38 ZEBRA: zebra message received [ZEBRA_IPV4_ROUTE_ADD] 23
2017/11/16 15:36:38 ZEBRA: zebra message received [ZEBRA_IPV4_ROUTE_ADD] 23
2017/11/16 15:36:43 ZEBRA: zebra message received [ZEBRA_IPV6_ROUTE_ADD] 41
2017/11/16 15:36:43 ZEBRA: zebra message received [ZEBRA_IPV6_ROUTE_ADD] 41
2017/11/16 15:36:43 ZEBRA: zebra message received [ZEBRA_IPV6_ROUTE_ADD] 41
2017/11/16 15:36:43 ZEBRA: zebra message received [ZEBRA_IPV6_ROUTE_ADD] 63
2017/11/16 15:36:43 ZEBRA: zebra message received [ZEBRA_IPV6_ROUTE_ADD] 41
2017/11/16 15:36:44 ZEBRA: zebra message received [ZEBRA_IPV4_ROUTE_ADD] 23
2017/11/16 15:43:23 ZEBRA: zebra message received [ZEBRA_IPV6_ROUTE_DELETE] 41
2017/11/16 15:43:23 ZEBRA: zebra message received [ZEBRA_IPV6_ROUTE_ADD] 41
2017/11/16 15:43:23 ZEBRA: zebra message received [ZEBRA_IPV6_ROUTE_ADD] 41
2017/11/16 15:43:23 ZEBRA: zebra message received [ZEBRA_IPV6_ROUTE_ADD] 41
2017/11/16 15:43:23 ZEBRA: zebra message received [ZEBRA_IPV6_ROUTE_ADD] 41
2017/11/16 15:43:23 ZEBRA: zebra message received [ZEBRA_IPV6_ROUTE_ADD] 41
2017/11/16 15:43:23 ZEBRA: zebra message received [ZEBRA_IPV6_ROUTE_ADD] 41
2017/11/16 15:43:23 ZEBRA: zebra message received [ZEBRA_IPV6_ROUTE_ADD] 41
2017/11/16 15:43:23 ZEBRA: zebra message received [ZEBRA_IPV6_ROUTE_DELETE] 41
2017/11/16 15:43:23 ZEBRA: zebra message received [ZEBRA_IPV6_ROUTE_ADD] 41
2017/11/16 15:43:23 ZEBRA: zebra message received [ZEBRA_IPV6_ROUTE_DELETE] 41
2017/11/16 15:43:23 ZEBRA: zebra message received [ZEBRA_IPV6_ROUTE_DELETE] 41
2017/11/16 15:43:24 ZEBRA: zebra message received [ZEBRA_IPV4_ROUTE_DELETE] 19
2017/11/16 15:43:24 ZEBRA: zebra message received [ZEBRA_IPV4_ROUTE_DELETE] 19
2017/11/16 15:43:24 ZEBRA: zebra message received [ZEBRA_IPV4_ROUTE_DELETE] 19
2017/11/16 15:43:24 ZEBRA: zebra message received [ZEBRA_IPV4_ROUTE_DELETE] 19
2017/11/16 15:43:24 ZEBRA: zebra message received [ZEBRA_IPV4_ROUTE_DELETE] 19
2017/11/16 15:43:24 ZEBRA: zebra message received [ZEBRA_IPV4_ROUTE_DELETE] 19
2017/11/16 15:43:27 ZEBRA: zebra message received [ZEBRA_IPV6_ROUTE_DELETE] 41
2017/11/16 15:43:27 ZEBRA: zebra message received [ZEBRA_IPV6_ROUTE_DELETE] 41
2017/11/16 15:43:27 ZEBRA: zebra message received [ZEBRA_IPV6_ROUTE_ADD] 41
2017/11/16 15:43:27 ZEBRA: zebra message received [ZEBRA_IPV6_ROUTE_ADD] 41
2017/11/16 15:43:28 ZEBRA: zebra message received [ZEBRA_IPV6_ROUTE_ADD] 41
2017/11/16 15:43:28 ZEBRA: zebra message received [ZEBRA_IPV6_ROUTE_ADD] 41
2017/11/16 15:43:28 ZEBRA: zebra message received [ZEBRA_IPV6_ROUTE_ADD] 41
2017/11/16 15:43:29 ZEBRA: zebra message received [ZEBRA_IPV6_ROUTE_DELETE] 41
2017/11/16 15:43:29 ZEBRA: zebra message received [ZEBRA_IPV6_ROUTE_DELETE] 41
2017/11/16 15:43:29 ZEBRA: zebra message received [ZEBRA_IPV6_ROUTE_DELETE] 41
2017/11/16 15:43:29 ZEBRA: zebra message received [ZEBRA_IPV6_ROUTE_ADD] 41
2017/11/16 15:43:29 ZEBRA: zebra message received [ZEBRA_IPV6_ROUTE_ADD] 41
2017/11/16 15:43:29 ZEBRA: zebra message received [ZEBRA_IPV6_ROUTE_ADD] 41
2017/11/16 15:43:29 ZEBRA: zebra message received [ZEBRA_IPV6_ROUTE_ADD] 41
2017/11/16 15:43:32 ZEBRA: zebra message received [ZEBRA_IPV6_ROUTE_ADD] 63
2017/11/16 15:43:34 ZEBRA: zebra message received [ZEBRA_IPV4_ROUTE_ADD] 23
2017/11/16 15:43:34 ZEBRA: zebra message received [ZEBRA_IPV4_ROUTE_ADD] 23
2017/11/16 15:43:34 ZEBRA: zebra message received [ZEBRA_IPV4_ROUTE_ADD] 23
2017/11/16 15:43:34 ZEBRA: zebra message received [ZEBRA_IPV4_ROUTE_ADD] 23
2017/11/16 15:43:34 ZEBRA: zebra message received [ZEBRA_IPV4_ROUTE_ADD] 23
2017/11/16 15:43:34 ZEBRA: zebra message received [ZEBRA_IPV4_ROUTE_ADD] 23
2017/11/16 15:46:46 ZEBRA: zebra message received [ZEBRA_IPV6_ROUTE_DELETE] 41
2017/11/16 15:46:46 ZEBRA: zebra message received [ZEBRA_IPV6_ROUTE_DELETE] 41
2017/11/16 15:46:46 ZEBRA: zebra message received [ZEBRA_IPV6_ROUTE_DELETE] 41
2017/11/16 15:46:46 ZEBRA: zebra message received [ZEBRA_IPV6_ROUTE_ADD] 41
2017/11/16 15:46:46 ZEBRA: zebra message received [ZEBRA_IPV6_ROUTE_ADD] 41
2017/11/16 15:46:47 ZEBRA: zebra message received [ZEBRA_IPV6_ROUTE_DELETE] 41
2017/11/16 15:46:47 ZEBRA: zebra message received [ZEBRA_IPV4_ROUTE_DELETE] 19
2017/11/16 15:46:47 ZEBRA: zebra message received [ZEBRA_IPV4_ROUTE_DELETE] 19
2017/11/16 15:46:47 ZEBRA: zebra message received [ZEBRA_IPV4_ROUTE_DELETE] 19
2017/11/16 15:46:47 ZEBRA: zebra message received [ZEBRA_IPV4_ROUTE_DELETE] 19
2017/11/16 15:46:47 ZEBRA: zebra message received [ZEBRA_IPV4_ROUTE_DELETE] 15
2017/11/16 15:46:47 ZEBRA: zebra message received [ZEBRA_IPV4_ROUTE_DELETE] 19
2017/11/16 15:46:47 ZEBRA: zebra message received [ZEBRA_IPV4_ROUTE_DELETE] 19
2017/11/16 15:46:47 ZEBRA: zebra message received [ZEBRA_IPV6_ROUTE_DELETE] 41
2017/11/16 15:46:47 ZEBRA: zebra message received [ZEBRA_IPV6_ROUTE_DELETE] 41
2017/11/16 15:46:47 ZEBRA: zebra message received [ZEBRA_IPV6_ROUTE_DELETE] 41
2017/11/16 15:47:11 ZEBRA: Zebra 0.99.22.4 starting: vty@2601
2017/11/16 15:47:11 ZEBRA: zebra message received [ZEBRA_HELLO] 1
2017/11/16 15:47:11 ZEBRA: client 16 says hello and bids fair to announce only ospf routes
2017/11/16 15:47:11 ZEBRA: zebra message received [ZEBRA_ROUTER_ID_ADD] 0
2017/11/16 15:47:11 ZEBRA: zebra message received [ZEBRA_INTERFACE_ADD] 0
2017/11/16 15:47:11 ZEBRA: zebra message received [ZEBRA_HELLO] 1
2017/11/16 15:47:11 ZEBRA: client 17 says hello and bids fair to announce only ospf6 routes
2017/11/16 15:47:11 ZEBRA: zebra message received [ZEBRA_ROUTER_ID_ADD] 0
2017/11/16 15:47:11 ZEBRA: zebra message received [ZEBRA_INTERFACE_ADD] 0
2017/11/16 15:47:11 ZEBRA: zebra message received [ZEBRA_IPV4_ROUTE_ADD] 19
2017/11/16 15:47:53 ZEBRA: zebra message received [ZEBRA_IPV6_ROUTE_ADD] 41
2017/11/16 15:47:53 ZEBRA: zebra message received [ZEBRA_IPV6_ROUTE_ADD] 41
2017/11/16 15:47:54 ZEBRA: zebra message received [ZEBRA_IPV6_ROUTE_ADD] 41
2017/11/16 15:47:54 ZEBRA: zebra message received [ZEBRA_IPV6_ROUTE_ADD] 41
2017/11/16 15:47:54 ZEBRA: zebra message received [ZEBRA_IPV6_ROUTE_ADD] 41
2017/11/16 15:47:54 ZEBRA: zebra message received [ZEBRA_IPV6_ROUTE_ADD] 41
2017/11/16 15:47:58 ZEBRA: zebra message received [ZEBRA_IPV6_ROUTE_DELETE] 41
2017/11/16 15:47:58 ZEBRA: zebra message received [ZEBRA_IPV6_ROUTE_DELETE] 41
2017/11/16 15:47:58 ZEBRA: zebra message received [ZEBRA_IPV6_ROUTE_ADD] 41
2017/11/16 15:47:58 ZEBRA: zebra message received [ZEBRA_IPV6_ROUTE_ADD] 41
2017/11/16 15:47:58 ZEBRA: zebra message received [ZEBRA_IPV6_ROUTE_ADD] 41
2017/11/16 15:47:58 ZEBRA: zebra message received [ZEBRA_IPV6_ROUTE_ADD] 63
2017/11/16 15:47:59 ZEBRA: zebra message received [ZEBRA_IPV4_ROUTE_ADD] 23
2017/11/16 15:47:59 ZEBRA: zebra message received [ZEBRA_IPV4_ROUTE_ADD] 23
2017/11/16 15:47:59 ZEBRA: zebra message received [ZEBRA_IPV4_ROUTE_ADD] 23
2017/11/16 15:47:59 ZEBRA: zebra message received [ZEBRA_IPV6_ROUTE_DELETE] 41
2017/11/16 15:47:59 ZEBRA: zebra message received [ZEBRA_IPV6_ROUTE_DELETE] 41
2017/11/16 15:47:59 ZEBRA: zebra message received [ZEBRA_IPV6_ROUTE_ADD] 41
2017/11/16 15:47:59 ZEBRA: zebra message received [ZEBRA_IPV6_ROUTE_ADD] 41
2017/11/16 15:47:59 ZEBRA: zebra message received [ZEBRA_IPV6_ROUTE_ADD] 63
2017/11/16 15:47:59 ZEBRA: zebra message received [ZEBRA_IPV6_ROUTE_ADD] 41
2017/11/16 15:48:03 ZEBRA: zebra message received [ZEBRA_IPV6_ROUTE_DELETE] 41
2017/11/16 15:48:03 ZEBRA: zebra message received [ZEBRA_IPV6_ROUTE_ADD] 41
2017/11/16 15:48:03 ZEBRA: zebra message received [ZEBRA_IPV6_ROUTE_ADD] 41
2017/11/16 15:48:03 ZEBRA: zebra message received [ZEBRA_IPV6_ROUTE_ADD] 41
2017/11/16 15:48:03 ZEBRA: zebra message received [ZEBRA_IPV6_ROUTE_ADD] 41
2017/11/16 15:48:03 ZEBRA: zebra message received [ZEBRA_IPV4_ROUTE_ADD] 23
2017/11/16 15:48:03 ZEBRA: zebra message received [ZEBRA_IPV4_ROUTE_ADD] 23
2017/11/16 15:48:04 ZEBRA: zebra message received [ZEBRA_IPV6_ROUTE_DELETE] 41
2017/11/16 15:48:04 ZEBRA: zebra message received [ZEBRA_IPV6_ROUTE_ADD] 41
2017/11/16 15:48:13 ZEBRA: zebra message received [ZEBRA_IPV4_ROUTE_ADD] 23
2017/11/16 15:57:01 ZEBRA: zebra message received [ZEBRA_IPV6_ROUTE_DELETE] 41
2017/11/16 15:57:01 ZEBRA: zebra message received [ZEBRA_IPV6_ROUTE_DELETE] 41
2017/11/16 15:57:01 ZEBRA: zebra message received [ZEBRA_IPV6_ROUTE_ADD] 63
2017/11/16 15:57:01 ZEBRA: zebra message received [ZEBRA_IPV4_ROUTE_DELETE] 19
2017/11/16 15:57:01 ZEBRA: zebra message received [ZEBRA_IPV4_ROUTE_DELETE] 19
2017/11/16 15:57:01 ZEBRA: zebra message received [ZEBRA_IPV4_ROUTE_DELETE] 19
2017/11/16 15:57:01 ZEBRA: zebra message received [ZEBRA_IPV4_ROUTE_DELETE] 19
2017/11/16 15:57:01 ZEBRA: zebra message received [ZEBRA_IPV6_ROUTE_DELETE] 41
2017/11/16 15:57:01 ZEBRA: zebra message received [ZEBRA_IPV6_ROUTE_ADD] 41
2017/11/16 15:57:01 ZEBRA: zebra message received [ZEBRA_IPV6_ROUTE_ADD] 41
2017/11/16 15:57:02 ZEBRA: zebra message received [ZEBRA_IPV6_ROUTE_DELETE] 41
2017/11/16 15:57:02 ZEBRA: zebra message received [ZEBRA_IPV6_ROUTE_DELETE] 41
2017/11/16 15:57:02 ZEBRA: zebra message received [ZEBRA_IPV6_ROUTE_DELETE] 41
2017/11/16 15:57:02 ZEBRA: zebra message received [ZEBRA_IPV6_ROUTE_DELETE] 41
2017/11/16 15:57:02 ZEBRA: zebra message received [ZEBRA_IPV4_ROUTE_DELETE] 19
2017/11/16 15:57:02 ZEBRA: zebra message received [ZEBRA_IPV4_ROUTE_DELETE] 15
2017/11/16 15:57:02 ZEBRA: zebra message received [ZEBRA_IPV4_ROUTE_DELETE] 19
2017/11/16 15:57:24 ZEBRA: Zebra 0.99.22.4 starting: vty@2601
2017/11/16 15:57:24 ZEBRA: zebra message received [ZEBRA_HELLO] 1
2017/11/16 15:57:24 ZEBRA: client 16 says hello and bids fair to announce only ospf routes
2017/11/16 15:57:24 ZEBRA: zebra message received [ZEBRA_ROUTER_ID_ADD] 0
2017/11/16 15:57:24 ZEBRA: zebra message received [ZEBRA_INTERFACE_ADD] 0
2017/11/16 15:57:24 ZEBRA: zebra message received [ZEBRA_HELLO] 1
2017/11/16 15:57:24 ZEBRA: client 17 says hello and bids fair to announce only ospf6 routes
2017/11/16 15:57:24 ZEBRA: zebra message received [ZEBRA_ROUTER_ID_ADD] 0
2017/11/16 15:57:24 ZEBRA: zebra message received [ZEBRA_INTERFACE_ADD] 0
2017/11/16 15:57:24 ZEBRA: zebra message received [ZEBRA_IPV4_ROUTE_ADD] 19
2017/11/16 15:58:06 ZEBRA: zebra message received [ZEBRA_IPV6_ROUTE_ADD] 41
2017/11/16 15:58:06 ZEBRA: zebra message received [ZEBRA_IPV6_ROUTE_ADD] 41
2017/11/16 15:58:06 ZEBRA: zebra message received [ZEBRA_IPV6_ROUTE_ADD] 41
2017/11/16 15:58:06 ZEBRA: zebra message received [ZEBRA_IPV6_ROUTE_ADD] 41
2017/11/16 15:58:06 ZEBRA: zebra message received [ZEBRA_IPV6_ROUTE_ADD] 41
2017/11/16 15:58:06 ZEBRA: zebra message received [ZEBRA_IPV6_ROUTE_ADD] 41
2017/11/16 15:58:10 ZEBRA: zebra message received [ZEBRA_IPV6_ROUTE_DELETE] 41
2017/11/16 15:58:10 ZEBRA: zebra message received [ZEBRA_IPV6_ROUTE_DELETE] 41
2017/11/16 15:58:10 ZEBRA: zebra message received [ZEBRA_IPV6_ROUTE_ADD] 41
2017/11/16 15:58:10 ZEBRA: zebra message received [ZEBRA_IPV6_ROUTE_ADD] 41
2017/11/16 15:58:10 ZEBRA: zebra message received [ZEBRA_IPV6_ROUTE_ADD] 41
2017/11/16 15:58:10 ZEBRA: zebra message received [ZEBRA_IPV6_ROUTE_DELETE] 41
2017/11/16 15:58:10 ZEBRA: zebra message received [ZEBRA_IPV6_ROUTE_DELETE] 41
2017/11/16 15:58:10 ZEBRA: zebra message received [ZEBRA_IPV6_ROUTE_ADD] 41
2017/11/16 15:58:10 ZEBRA: zebra message received [ZEBRA_IPV6_ROUTE_ADD] 41
2017/11/16 15:58:11 ZEBRA: zebra message received [ZEBRA_IPV4_ROUTE_ADD] 23
2017/11/16 15:58:11 ZEBRA: zebra message received [ZEBRA_IPV4_ROUTE_ADD] 23
2017/11/16 15:58:11 ZEBRA: zebra message received [ZEBRA_IPV4_ROUTE_ADD] 23
2017/11/16 15:58:11 ZEBRA: zebra message received [ZEBRA_IPV6_ROUTE_DELETE] 41
2017/11/16 15:58:11 ZEBRA: zebra message received [ZEBRA_IPV6_ROUTE_ADD] 41
2017/11/16 15:58:11 ZEBRA: zebra message received [ZEBRA_IPV6_ROUTE_ADD] 63
2017/11/16 15:58:11 ZEBRA: zebra message received [ZEBRA_IPV6_ROUTE_ADD] 41
2017/11/16 15:58:15 ZEBRA: zebra message received [ZEBRA_IPV6_ROUTE_DELETE] 41
2017/11/16 15:58:15 ZEBRA: zebra message received [ZEBRA_IPV6_ROUTE_ADD] 63
2017/11/16 15:58:15 ZEBRA: zebra message received [ZEBRA_IPV6_ROUTE_ADD] 41
2017/11/16 15:58:16 ZEBRA: zebra message received [ZEBRA_IPV4_ROUTE_ADD] 23
2017/11/16 15:58:16 ZEBRA: zebra message received [ZEBRA_IPV4_ROUTE_ADD] 23
2017/11/16 15:58:16 ZEBRA: zebra message received [ZEBRA_IPV4_ROUTE_ADD] 23
2017/11/16 15:59:36 ZEBRA: zebra message received [ZEBRA_IPV6_ROUTE_DELETE] 41
2017/11/16 15:59:36 ZEBRA: zebra message received [ZEBRA_IPV6_ROUTE_ADD] 41
2017/11/16 15:59:36 ZEBRA: zebra message received [ZEBRA_IPV6_ROUTE_DELETE] 41
2017/11/16 15:59:36 ZEBRA: zebra message received [ZEBRA_IPV6_ROUTE_DELETE] 41
2017/11/16 15:59:36 ZEBRA: zebra message received [ZEBRA_IPV6_ROUTE_ADD] 41
2017/11/16 15:59:36 ZEBRA: zebra message received [ZEBRA_IPV6_ROUTE_ADD] 41
2017/11/16 15:59:36 ZEBRA: zebra message received [ZEBRA_IPV4_ROUTE_DELETE] 19
2017/11/16 15:59:36 ZEBRA: zebra message received [ZEBRA_IPV4_ROUTE_DELETE] 19
2017/11/16 15:59:36 ZEBRA: zebra message received [ZEBRA_IPV4_ROUTE_DELETE] 19
2017/11/16 15:59:36 ZEBRA: zebra message received [ZEBRA_IPV4_ROUTE_DELETE] 19
2017/11/16 15:59:36 ZEBRA: zebra message received [ZEBRA_IPV4_ROUTE_DELETE] 15
2017/11/16 15:59:36 ZEBRA: zebra message received [ZEBRA_IPV4_ROUTE_DELETE] 19
2017/11/16 15:59:36 ZEBRA: zebra message received [ZEBRA_IPV4_ROUTE_DELETE] 19
2017/11/16 15:59:36 ZEBRA: zebra message received [ZEBRA_IPV6_ROUTE_DELETE] 41
2017/11/16 15:59:36 ZEBRA: zebra message received [ZEBRA_IPV6_ROUTE_DELETE] 41
2017/11/16 15:59:36 ZEBRA: zebra message received [ZEBRA_IPV6_ROUTE_DELETE] 41
2017/11/16 15:59:37 ZEBRA: zebra message received [ZEBRA_IPV6_ROUTE_DELETE] 41
2017/11/16 16:00:00 ZEBRA: Zebra 0.99.22.4 starting: vty@2601
2017/11/16 16:00:00 ZEBRA: zebra message received [ZEBRA_HELLO] 1
2017/11/16 16:00:00 ZEBRA: client 16 says hello and bids fair to announce only ospf routes
2017/11/16 16:00:00 ZEBRA: zebra message received [ZEBRA_ROUTER_ID_ADD] 0
2017/11/16 16:00:00 ZEBRA: zebra message received [ZEBRA_INTERFACE_ADD] 0
2017/11/16 16:00:00 ZEBRA: zebra message received [ZEBRA_HELLO] 1
2017/11/16 16:00:00 ZEBRA: client 17 says hello and bids fair to announce only ospf6 routes
2017/11/16 16:00:00 ZEBRA: zebra message received [ZEBRA_ROUTER_ID_ADD] 0
2017/11/16 16:00:00 ZEBRA: zebra message received [ZEBRA_INTERFACE_ADD] 0
2017/11/16 16:00:00 ZEBRA: zebra message received [ZEBRA_IPV4_ROUTE_ADD] 19
2017/11/16 16:00:42 ZEBRA: zebra message received [ZEBRA_IPV6_ROUTE_ADD] 41
2017/11/16 16:00:47 ZEBRA: zebra message received [ZEBRA_IPV6_ROUTE_ADD] 41
2017/11/16 16:00:47 ZEBRA: zebra message received [ZEBRA_IPV6_ROUTE_ADD] 41
2017/11/16 16:00:47 ZEBRA: zebra message received [ZEBRA_IPV6_ROUTE_ADD] 41
2017/11/16 16:00:47 ZEBRA: zebra message received [ZEBRA_IPV6_ROUTE_ADD] 41
2017/11/16 16:00:47 ZEBRA: zebra message received [ZEBRA_IPV6_ROUTE_ADD] 41
2017/11/16 16:00:47 ZEBRA: zebra message received [ZEBRA_IPV6_ROUTE_ADD] 41
2017/11/16 16:00:47 ZEBRA: zebra message received [ZEBRA_IPV4_ROUTE_ADD] 23
2017/11/16 16:00:47 ZEBRA: zebra message received [ZEBRA_IPV4_ROUTE_ADD] 23
2017/11/16 16:00:47 ZEBRA: zebra message received [ZEBRA_IPV4_ROUTE_ADD] 23
2017/11/16 16:00:48 ZEBRA: zebra message received [ZEBRA_IPV6_ROUTE_DELETE] 41
2017/11/16 16:00:48 ZEBRA: zebra message received [ZEBRA_IPV6_ROUTE_ADD] 41
2017/11/16 16:00:48 ZEBRA: zebra message received [ZEBRA_IPV6_ROUTE_DELETE] 41
2017/11/16 16:00:48 ZEBRA: zebra message received [ZEBRA_IPV6_ROUTE_DELETE] 41
2017/11/16 16:00:48 ZEBRA: zebra message received [ZEBRA_IPV6_ROUTE_ADD] 41
2017/11/16 16:00:48 ZEBRA: zebra message received [ZEBRA_IPV6_ROUTE_ADD] 41
2017/11/16 16:00:48 ZEBRA: zebra message received [ZEBRA_IPV6_ROUTE_ADD] 63
2017/11/16 16:00:48 ZEBRA: zebra message received [ZEBRA_IPV6_ROUTE_ADD] 41
2017/11/16 16:00:48 ZEBRA: zebra message received [ZEBRA_IPV6_ROUTE_ADD] 41
2017/11/16 16:00:48 ZEBRA: zebra message received [ZEBRA_IPV6_ROUTE_ADD] 41
2017/11/16 16:00:48 ZEBRA: zebra message received [ZEBRA_IPV6_ROUTE_ADD] 41
2017/11/16 16:00:52 ZEBRA: zebra message received [ZEBRA_IPV6_ROUTE_DELETE] 41
2017/11/16 16:00:52 ZEBRA: zebra message received [ZEBRA_IPV6_ROUTE_ADD] 41
2017/11/16 16:00:52 ZEBRA: zebra message received [ZEBRA_IPV4_ROUTE_ADD] 23
2017/11/16 16:00:52 ZEBRA: zebra message received [ZEBRA_IPV4_ROUTE_ADD] 23
2017/11/16 16:00:57 ZEBRA: zebra message received [ZEBRA_IPV4_ROUTE_ADD] 23
2017/11/16 16:12:10 ZEBRA: zebra message received [ZEBRA_IPV6_ROUTE_DELETE] 41
2017/11/16 16:12:10 ZEBRA: zebra message received [ZEBRA_IPV6_ROUTE_ADD] 41
2017/11/16 16:12:10 ZEBRA: zebra message received [ZEBRA_IPV6_ROUTE_ADD] 41
2017/11/16 16:12:47 ZEBRA: zebra message received [ZEBRA_IPV4_ROUTE_DELETE] 19
2017/11/16 16:12:47 ZEBRA: zebra message received [ZEBRA_IPV4_ROUTE_DELETE] 19
2017/11/16 16:12:47 ZEBRA: zebra message received [ZEBRA_IPV4_ROUTE_DELETE] 19
2017/11/16 16:12:47 ZEBRA: zebra message received [ZEBRA_IPV4_ROUTE_DELETE] 19
2017/11/16 16:12:47 ZEBRA: zebra message received [ZEBRA_IPV4_ROUTE_DELETE] 19
2017/11/16 16:12:47 ZEBRA: zebra message received [ZEBRA_IPV4_ROUTE_DELETE] 19
2017/11/16 16:21:19 ZEBRA: zebra message received [ZEBRA_IPV6_ROUTE_DELETE] 41
2017/11/16 16:21:19 ZEBRA: zebra message received [ZEBRA_IPV6_ROUTE_ADD] 41
2017/11/16 16:21:20 ZEBRA: zebra message received [ZEBRA_IPV6_ROUTE_DELETE] 41
2017/11/16 16:21:20 ZEBRA: zebra message received [ZEBRA_IPV6_ROUTE_DELETE] 41
2017/11/16 16:21:20 ZEBRA: zebra message received [ZEBRA_IPV4_ROUTE_DELETE] 15
2017/11/16 16:21:20 ZEBRA: zebra message received [ZEBRA_IPV6_ROUTE_DELETE] 41
2017/11/16 16:21:20 ZEBRA: zebra message received [ZEBRA_IPV6_ROUTE_DELETE] 41
2017/11/16 16:21:20 ZEBRA: zebra message received [ZEBRA_IPV6_ROUTE_DELETE] 41
2017/11/16 16:21:46 ZEBRA: Zebra 0.99.22.4 starting: vty@2601
2017/11/16 16:21:46 ZEBRA: zebra message received [ZEBRA_HELLO] 1
2017/11/16 16:21:46 ZEBRA: client 16 says hello and bids fair to announce only ospf routes
2017/11/16 16:21:46 ZEBRA: zebra message received [ZEBRA_ROUTER_ID_ADD] 0
2017/11/16 16:21:46 ZEBRA: zebra message received [ZEBRA_INTERFACE_ADD] 0
2017/11/16 16:21:46 ZEBRA: zebra message received [ZEBRA_HELLO] 1
2017/11/16 16:21:46 ZEBRA: client 17 says hello and bids fair to announce only ospf6 routes
2017/11/16 16:21:46 ZEBRA: zebra message received [ZEBRA_ROUTER_ID_ADD] 0
2017/11/16 16:21:46 ZEBRA: zebra message received [ZEBRA_INTERFACE_ADD] 0
2017/11/16 16:21:47 ZEBRA: zebra message received [ZEBRA_IPV4_ROUTE_ADD] 19
2017/11/16 16:22:31 ZEBRA: zebra message received [ZEBRA_IPV6_ROUTE_ADD] 41
2017/11/16 16:22:34 ZEBRA: zebra message received [ZEBRA_IPV6_ROUTE_ADD] 41
2017/11/16 16:22:34 ZEBRA: zebra message received [ZEBRA_IPV6_ROUTE_ADD] 41
2017/11/16 16:22:34 ZEBRA: zebra message received [ZEBRA_IPV6_ROUTE_ADD] 41
2017/11/16 16:22:34 ZEBRA: zebra message received [ZEBRA_IPV6_ROUTE_ADD] 41
2017/11/16 16:22:34 ZEBRA: zebra message received [ZEBRA_IPV6_ROUTE_ADD] 41
2017/11/16 16:22:34 ZEBRA: zebra message received [ZEBRA_IPV6_ROUTE_ADD] 41
2017/11/16 16:22:34 ZEBRA: zebra message received [ZEBRA_IPV6_ROUTE_DELETE] 41
2017/11/16 16:22:34 ZEBRA: zebra message received [ZEBRA_IPV6_ROUTE_ADD] 41
2017/11/16 16:22:35 ZEBRA: zebra message received [ZEBRA_IPV6_ROUTE_ADD] 41
2017/11/16 16:22:35 ZEBRA: zebra message received [ZEBRA_IPV6_ROUTE_ADD] 41
2017/11/16 16:22:35 ZEBRA: zebra message received [ZEBRA_IPV6_ROUTE_ADD] 41
2017/11/16 16:22:35 ZEBRA: zebra message received [ZEBRA_IPV6_ROUTE_ADD] 41
2017/11/16 16:22:35 ZEBRA: zebra message received [ZEBRA_IPV6_ROUTE_DELETE] 41
2017/11/16 16:22:35 ZEBRA: zebra message received [ZEBRA_IPV6_ROUTE_ADD] 41
2017/11/16 16:22:35 ZEBRA: zebra message received [ZEBRA_IPV6_ROUTE_ADD] 41
2017/11/16 16:22:35 ZEBRA: zebra message received [ZEBRA_IPV6_ROUTE_ADD] 63
2017/11/16 16:22:41 ZEBRA: zebra message received [ZEBRA_IPV4_ROUTE_ADD] 23
2017/11/16 16:22:41 ZEBRA: zebra message received [ZEBRA_IPV4_ROUTE_ADD] 23
2017/11/16 16:22:41 ZEBRA: zebra message received [ZEBRA_IPV4_ROUTE_ADD] 23
2017/11/16 16:22:41 ZEBRA: zebra message received [ZEBRA_IPV4_ROUTE_ADD] 23
2017/11/16 16:22:41 ZEBRA: zebra message received [ZEBRA_IPV4_ROUTE_ADD] 23
2017/11/16 16:22:41 ZEBRA: zebra message received [ZEBRA_IPV4_ROUTE_ADD] 23
2017/11/16 16:24:14 ZEBRA: zebra message received [ZEBRA_IPV6_ROUTE_DELETE] 41
2017/11/16 16:24:14 ZEBRA: zebra message received [ZEBRA_IPV6_ROUTE_ADD] 63
2017/11/16 16:24:14 ZEBRA: zebra message received [ZEBRA_IPV4_ROUTE_DELETE] 19
2017/11/16 16:24:14 ZEBRA: zebra message received [ZEBRA_IPV4_ROUTE_DELETE] 19
2017/11/16 16:24:14 ZEBRA: zebra message received [ZEBRA_IPV4_ROUTE_DELETE] 19
2017/11/16 16:24:14 ZEBRA: zebra message received [ZEBRA_IPV4_ROUTE_DELETE] 19
2017/11/16 16:24:51 ZEBRA: zebra message received [ZEBRA_IPV6_ROUTE_DELETE] 41
2017/11/16 16:24:51 ZEBRA: zebra message received [ZEBRA_IPV6_ROUTE_ADD] 41
2017/11/16 16:24:51 ZEBRA: zebra message received [ZEBRA_IPV6_ROUTE_ADD] 41
2017/11/16 16:40:12 ZEBRA: zebra message received [ZEBRA_IPV6_ROUTE_DELETE] 41
2017/11/16 16:40:12 ZEBRA: zebra message received [ZEBRA_IPV6_ROUTE_DELETE] 41
2017/11/16 16:40:12 ZEBRA: zebra message received [ZEBRA_IPV6_ROUTE_ADD] 41
2017/11/16 16:40:12 ZEBRA: zebra message received [ZEBRA_IPV6_ROUTE_DELETE] 41
2017/11/16 16:40:12 ZEBRA: zebra message received [ZEBRA_IPV6_ROUTE_ADD] 41
2017/11/16 16:40:12 ZEBRA: zebra message received [ZEBRA_IPV6_ROUTE_ADD] 41
2017/11/16 16:40:12 ZEBRA: zebra message received [ZEBRA_IPV6_ROUTE_DELETE] 41
2017/11/16 16:40:12 ZEBRA: zebra message received [ZEBRA_IPV6_ROUTE_DELETE] 41
2017/11/16 16:40:12 ZEBRA: zebra message received [ZEBRA_IPV4_ROUTE_DELETE] 19
2017/11/16 16:40:12 ZEBRA: zebra message received [ZEBRA_IPV4_ROUTE_DELETE] 15
2017/11/16 16:40:12 ZEBRA: zebra message received [ZEBRA_IPV4_ROUTE_DELETE] 19
2017/11/16 16:40:12 ZEBRA: zebra message received [ZEBRA_IPV6_ROUTE_DELETE] 41
2017/11/16 16:40:12 ZEBRA: zebra message received [ZEBRA_IPV6_ROUTE_DELETE] 41
2017/11/16 16:40:13 ZEBRA: zebra message received [ZEBRA_IPV6_ROUTE_DELETE] 41
2017/11/16 16:41:29 ZEBRA: Zebra 0.99.22.4 starting: vty@2601
2017/11/16 16:41:29 ZEBRA: zebra message received [ZEBRA_HELLO] 1
2017/11/16 16:41:29 ZEBRA: client 16 says hello and bids fair to announce only ospf routes
2017/11/16 16:41:29 ZEBRA: zebra message received [ZEBRA_ROUTER_ID_ADD] 0
2017/11/16 16:41:29 ZEBRA: zebra message received [ZEBRA_INTERFACE_ADD] 0
2017/11/16 16:41:29 ZEBRA: zebra message received [ZEBRA_HELLO] 1
2017/11/16 16:41:29 ZEBRA: client 17 says hello and bids fair to announce only ospf6 routes
2017/11/16 16:41:29 ZEBRA: zebra message received [ZEBRA_ROUTER_ID_ADD] 0
2017/11/16 16:41:29 ZEBRA: zebra message received [ZEBRA_INTERFACE_ADD] 0
2017/11/16 16:41:30 ZEBRA: zebra message received [ZEBRA_IPV4_ROUTE_ADD] 19
2017/11/16 16:42:12 ZEBRA: zebra message received [ZEBRA_IPV6_ROUTE_ADD] 41
2017/11/16 16:42:16 ZEBRA: zebra message received [ZEBRA_IPV6_ROUTE_ADD] 41
2017/11/16 16:42:16 ZEBRA: zebra message received [ZEBRA_IPV6_ROUTE_ADD] 41
2017/11/16 16:42:16 ZEBRA: zebra message received [ZEBRA_IPV6_ROUTE_ADD] 41
2017/11/16 16:42:16 ZEBRA: zebra message received [ZEBRA_IPV6_ROUTE_ADD] 41
2017/11/16 16:42:16 ZEBRA: zebra message received [ZEBRA_IPV6_ROUTE_ADD] 41
2017/11/16 16:42:16 ZEBRA: zebra message received [ZEBRA_IPV6_ROUTE_ADD] 41
2017/11/16 16:42:16 ZEBRA: zebra message received [ZEBRA_IPV4_ROUTE_ADD] 23
2017/11/16 16:42:16 ZEBRA: zebra message received [ZEBRA_IPV4_ROUTE_ADD] 23
2017/11/16 16:42:17 ZEBRA: zebra message received [ZEBRA_IPV6_ROUTE_DELETE] 41
2017/11/16 16:42:17 ZEBRA: zebra message received [ZEBRA_IPV6_ROUTE_DELETE] 41
2017/11/16 16:42:17 ZEBRA: zebra message received [ZEBRA_IPV6_ROUTE_ADD] 41
2017/11/16 16:42:17 ZEBRA: zebra message received [ZEBRA_IPV6_ROUTE_ADD] 41
2017/11/16 16:42:18 ZEBRA: zebra message received [ZEBRA_IPV6_ROUTE_DELETE] 41
2017/11/16 16:42:18 ZEBRA: zebra message received [ZEBRA_IPV6_ROUTE_ADD] 41
2017/11/16 16:42:18 ZEBRA: zebra message received [ZEBRA_IPV6_ROUTE_ADD] 63
2017/11/16 16:42:21 ZEBRA: zebra message received [ZEBRA_IPV6_ROUTE_ADD] 41
2017/11/16 16:42:21 ZEBRA: zebra message received [ZEBRA_IPV6_ROUTE_ADD] 41
2017/11/16 16:42:21 ZEBRA: zebra message received [ZEBRA_IPV6_ROUTE_ADD] 41
2017/11/16 16:42:21 ZEBRA: zebra message received [ZEBRA_IPV6_ROUTE_ADD] 41
2017/11/16 17:09:03 ZEBRA: zebra message received [ZEBRA_IPV6_ROUTE_DELETE] 41
2017/11/16 17:09:04 ZEBRA: zebra message received [ZEBRA_IPV6_ROUTE_ADD] 41
2017/11/16 17:09:04 ZEBRA: zebra message received [ZEBRA_IPV6_ROUTE_DELETE] 41
2017/11/16 17:09:04 ZEBRA: zebra message received [ZEBRA_IPV6_ROUTE_ADD] 63
2017/11/16 17:09:04 ZEBRA: zebra message received [ZEBRA_IPV6_ROUTE_DELETE] 41
2017/11/16 17:09:04 ZEBRA: zebra message received [ZEBRA_IPV6_ROUTE_ADD] 41
2017/11/16 17:09:04 ZEBRA: zebra message received [ZEBRA_IPV6_ROUTE_ADD] 41
2017/11/16 17:09:04 ZEBRA: zebra message received [ZEBRA_IPV6_ROUTE_DELETE] 41
2017/11/16 17:09:04 ZEBRA: zebra message received [ZEBRA_IPV4_ROUTE_DELETE] 19
2017/11/16 17:09:04 ZEBRA: zebra message received [ZEBRA_IPV4_ROUTE_DELETE] 15
2017/11/16 17:09:04 ZEBRA: zebra message received [ZEBRA_IPV4_ROUTE_DELETE] 19
2017/11/16 17:09:04 ZEBRA: zebra message received [ZEBRA_IPV6_ROUTE_DELETE] 41
2017/11/16 17:09:04 ZEBRA: zebra message received [ZEBRA_IPV6_ROUTE_DELETE] 41
2017/11/16 17:09:05 ZEBRA: zebra message received [ZEBRA_IPV6_ROUTE_DELETE] 41
2017/11/17 11:35:22 ZEBRA: Zebra 0.99.22.4 starting: vty@2601
2017/11/17 11:35:22 ZEBRA: zebra message received [ZEBRA_HELLO] 1
2017/11/17 11:35:22 ZEBRA: client 16 says hello and bids fair to announce only ospf routes
2017/11/17 11:35:22 ZEBRA: zebra message received [ZEBRA_ROUTER_ID_ADD] 0
2017/11/17 11:35:22 ZEBRA: zebra message received [ZEBRA_INTERFACE_ADD] 0
2017/11/17 11:35:22 ZEBRA: zebra message received [ZEBRA_HELLO] 1
2017/11/17 11:35:22 ZEBRA: client 17 says hello and bids fair to announce only ospf6 routes
2017/11/17 11:35:22 ZEBRA: zebra message received [ZEBRA_ROUTER_ID_ADD] 0
2017/11/17 11:35:22 ZEBRA: zebra message received [ZEBRA_INTERFACE_ADD] 0
2017/11/17 11:35:22 ZEBRA: zebra message received [ZEBRA_IPV4_ROUTE_ADD] 19
2017/11/17 11:36:02 ZEBRA: zebra message received [ZEBRA_IPV6_ROUTE_ADD] 41
2017/11/17 11:36:04 ZEBRA: zebra message received [ZEBRA_IPV4_ROUTE_ADD] 23
2017/11/17 11:36:04 ZEBRA: zebra message received [ZEBRA_IPV4_ROUTE_ADD] 23
2017/11/17 11:36:07 ZEBRA: zebra message received [ZEBRA_IPV6_ROUTE_ADD] 41
2017/11/17 11:36:07 ZEBRA: zebra message received [ZEBRA_IPV6_ROUTE_ADD] 41
2017/11/17 11:36:07 ZEBRA: zebra message received [ZEBRA_IPV6_ROUTE_ADD] 41
2017/11/17 11:36:07 ZEBRA: zebra message received [ZEBRA_IPV6_ROUTE_ADD] 41
2017/11/17 11:36:07 ZEBRA: zebra message received [ZEBRA_IPV6_ROUTE_ADD] 41
2017/11/17 11:36:07 ZEBRA: zebra message received [ZEBRA_IPV6_ROUTE_ADD] 41
2017/11/17 11:36:07 ZEBRA: zebra message received [ZEBRA_IPV6_ROUTE_ADD] 63
2017/11/17 11:36:13 ZEBRA: zebra message received [ZEBRA_IPV6_ROUTE_DELETE] 41
2017/11/17 11:36:13 ZEBRA: zebra message received [ZEBRA_IPV6_ROUTE_ADD] 41
2017/11/17 11:36:13 ZEBRA: zebra message received [ZEBRA_IPV6_ROUTE_ADD] 41
2017/11/17 11:36:13 ZEBRA: zebra message received [ZEBRA_IPV6_ROUTE_ADD] 41
2017/11/17 11:36:13 ZEBRA: zebra message received [ZEBRA_IPV6_ROUTE_ADD] 41
