2017/11/14 11:19:46 ZEBRA: Zebra 0.99.22.4 starting: vty@2601
2017/11/14 19:23:21 ZEBRA: Zebra 0.99.22.4 starting: vty@2601
2017/11/14 21:11:32 ZEBRA: Terminating on signal
2017/11/14 21:11:32 ZEBRA: IRDP: Received shutdown notification.
2017/11/15 15:09:01 ZEBRA: Zebra 0.99.22.4 starting: vty@2601
2017/11/15 17:31:10 ZEBRA: Terminating on signal
2017/11/15 17:31:10 ZEBRA: IRDP: Received shutdown notification.
2017/11/15 17:43:57 ZEBRA: Zebra 0.99.22.4 starting: vty@2601
2017/11/15 19:11:54 ZEBRA: Zebra 0.99.22.4 starting: vty@2601
2017/11/15 19:49:07 ZEBRA: Terminating on signal
2017/11/15 19:49:07 ZEBRA: IRDP: Received shutdown notification.
2017/11/15 19:49:14 ZEBRA: Zebra 0.99.22.4 starting: vty@2601
2017/11/15 19:49:14 ZEBRA: zebra message received [ZEBRA_HELLO] 1
2017/11/15 19:49:14 ZEBRA: client 16 says hello and bids fair to announce only ospf routes
2017/11/15 19:49:14 ZEBRA: zebra message received [ZEBRA_ROUTER_ID_ADD] 0
2017/11/15 19:49:14 ZEBRA: zebra message received [ZEBRA_INTERFACE_ADD] 0
2017/11/15 19:49:14 ZEBRA: zebra message received [ZEBRA_HELLO] 1
2017/11/15 19:49:14 ZEBRA: client 17 says hello and bids fair to announce only ospf6 routes
2017/11/15 19:49:14 ZEBRA: zebra message received [ZEBRA_ROUTER_ID_ADD] 0
2017/11/15 19:49:14 ZEBRA: zebra message received [ZEBRA_INTERFACE_ADD] 0
2017/11/15 19:49:14 ZEBRA: zebra message received [ZEBRA_IPV4_ROUTE_ADD] 19
2017/11/15 19:49:14 ZEBRA: zebra message received [ZEBRA_IPV4_ROUTE_ADD] 19
2017/11/15 19:49:14 ZEBRA: zebra message received [ZEBRA_IPV6_ROUTE_ADD] 41
2017/11/15 19:49:14 ZEBRA: zebra message received [ZEBRA_IPV6_ROUTE_ADD] 41
2017/11/15 19:49:16 ZEBRA: zebra message received [ZEBRA_IPV6_ROUTE_ADD] 41
2017/11/15 19:49:16 ZEBRA: zebra message received [ZEBRA_IPV6_ROUTE_ADD] 41
2017/11/15 19:49:16 ZEBRA: zebra message received [ZEBRA_IPV6_ROUTE_ADD] 41
2017/11/15 19:49:16 ZEBRA: zebra message received [ZEBRA_IPV6_ROUTE_ADD] 41
2017/11/15 19:49:16 ZEBRA: zebra message received [ZEBRA_IPV6_ROUTE_ADD] 41
2017/11/15 19:49:16 ZEBRA: zebra message received [ZEBRA_IPV6_ROUTE_DELETE] 41
2017/11/15 19:49:16 ZEBRA: zebra message received [ZEBRA_IPV6_ROUTE_ADD] 63
2017/11/15 19:49:16 ZEBRA: zebra message received [ZEBRA_IPV6_ROUTE_ADD] 63
2017/11/15 19:49:16 ZEBRA: zebra message received [ZEBRA_IPV6_ROUTE_ADD] 41
2017/11/15 19:49:16 ZEBRA: zebra message received [ZEBRA_IPV6_ROUTE_ADD] 41
2017/11/15 19:49:24 ZEBRA: zebra message received [ZEBRA_IPV4_ROUTE_ADD] 23
2017/11/15 19:49:24 ZEBRA: zebra message received [ZEBRA_IPV4_ROUTE_ADD] 23
2017/11/15 19:49:24 ZEBRA: zebra message received [ZEBRA_IPV4_ROUTE_ADD] 23
2017/11/15 19:49:24 ZEBRA: zebra message received [ZEBRA_IPV4_ROUTE_ADD] 23
2017/11/15 19:49:24 ZEBRA: zebra message received [ZEBRA_IPV4_ROUTE_ADD] 23
2017/11/15 20:35:40 ZEBRA: Vty connection from 127.0.0.1
2017/11/16 15:34:18 ZEBRA: Zebra 0.99.22.4 starting: vty@2601
2017/11/16 15:34:18 ZEBRA: zebra message received [ZEBRA_HELLO] 1
2017/11/16 15:34:18 ZEBRA: client 16 says hello and bids fair to announce only ospf routes
2017/11/16 15:34:18 ZEBRA: zebra message received [ZEBRA_ROUTER_ID_ADD] 0
2017/11/16 15:34:18 ZEBRA: zebra message received [ZEBRA_INTERFACE_ADD] 0
2017/11/16 15:34:18 ZEBRA: zebra message received [ZEBRA_HELLO] 1
2017/11/16 15:34:18 ZEBRA: client 17 says hello and bids fair to announce only ospf6 routes
2017/11/16 15:34:18 ZEBRA: zebra message received [ZEBRA_ROUTER_ID_ADD] 0
2017/11/16 15:34:18 ZEBRA: zebra message received [ZEBRA_INTERFACE_ADD] 0
2017/11/16 15:34:19 ZEBRA: zebra message received [ZEBRA_IPV4_ROUTE_ADD] 19
2017/11/16 15:34:19 ZEBRA: zebra message received [ZEBRA_IPV4_ROUTE_ADD] 19
2017/11/16 15:34:58 ZEBRA: zebra message received [ZEBRA_IPV6_ROUTE_ADD] 41
2017/11/16 15:34:58 ZEBRA: zebra message received [ZEBRA_IPV6_ROUTE_ADD] 41
2017/11/16 15:35:00 ZEBRA: zebra message received [ZEBRA_IPV4_ROUTE_ADD] 23
2017/11/16 15:35:00 ZEBRA: zebra message received [ZEBRA_IPV4_ROUTE_ADD] 23
2017/11/16 15:35:03 ZEBRA: zebra message received [ZEBRA_IPV6_ROUTE_ADD] 41
2017/11/16 15:35:03 ZEBRA: zebra message received [ZEBRA_IPV6_ROUTE_ADD] 41
2017/11/16 15:35:03 ZEBRA: zebra message received [ZEBRA_IPV6_ROUTE_ADD] 41
2017/11/16 15:35:03 ZEBRA: zebra message received [ZEBRA_IPV6_ROUTE_ADD] 41
2017/11/16 15:35:03 ZEBRA: zebra message received [ZEBRA_IPV6_ROUTE_ADD] 41
2017/11/16 15:35:04 ZEBRA: zebra message received [ZEBRA_IPV4_ROUTE_ADD] 23
2017/11/16 15:35:04 ZEBRA: zebra message received [ZEBRA_IPV4_ROUTE_ADD] 23
2017/11/16 15:35:04 ZEBRA: zebra message received [ZEBRA_IPV4_ROUTE_ADD] 23
2017/11/16 15:35:04 ZEBRA: zebra message received [ZEBRA_IPV6_ROUTE_ADD] 63
2017/11/16 15:35:04 ZEBRA: zebra message received [ZEBRA_IPV6_ROUTE_ADD] 41
2017/11/16 15:35:04 ZEBRA: zebra message received [ZEBRA_IPV6_ROUTE_DELETE] 41
2017/11/16 15:35:04 ZEBRA: zebra message received [ZEBRA_IPV6_ROUTE_ADD] 41
2017/11/16 15:35:07 ZEBRA: zebra message received [ZEBRA_IPV6_ROUTE_DELETE] 41
2017/11/16 15:35:07 ZEBRA: zebra message received [ZEBRA_IPV6_ROUTE_ADD] 41
2017/11/16 15:35:07 ZEBRA: zebra message received [ZEBRA_IPV6_ROUTE_ADD] 63
2017/11/16 15:35:12 ZEBRA: zebra message received [ZEBRA_IPV6_ROUTE_DELETE] 41
2017/11/16 15:35:12 ZEBRA: zebra message received [ZEBRA_IPV6_ROUTE_ADD] 41
2017/11/16 15:35:12 ZEBRA: zebra message received [ZEBRA_IPV6_ROUTE_ADD] 41
2017/11/16 15:35:12 ZEBRA: zebra message received [ZEBRA_IPV6_ROUTE_ADD] 41
2017/11/16 15:35:12 ZEBRA: zebra message received [ZEBRA_IPV6_ROUTE_DELETE] 41
2017/11/16 15:35:12 ZEBRA: zebra message received [ZEBRA_IPV6_ROUTE_DELETE] 41
2017/11/16 15:35:13 ZEBRA: zebra message received [ZEBRA_IPV4_ROUTE_DELETE] 19
2017/11/16 15:35:13 ZEBRA: zebra message received [ZEBRA_IPV6_ROUTE_DELETE] 41
2017/11/16 15:35:13 ZEBRA: zebra message received [ZEBRA_IPV6_ROUTE_DELETE] 41
2017/11/16 15:35:13 ZEBRA: zebra message received [ZEBRA_IPV6_ROUTE_DELETE] 41
2017/11/16 15:35:13 ZEBRA: zebra message received [ZEBRA_IPV6_ROUTE_DELETE] 41
2017/11/16 15:35:53 ZEBRA: Zebra 0.99.22.4 starting: vty@2601
2017/11/16 15:35:53 ZEBRA: zebra message received [ZEBRA_HELLO] 1
2017/11/16 15:35:53 ZEBRA: client 16 says hello and bids fair to announce only ospf routes
2017/11/16 15:35:53 ZEBRA: zebra message received [ZEBRA_ROUTER_ID_ADD] 0
2017/11/16 15:35:53 ZEBRA: zebra message received [ZEBRA_INTERFACE_ADD] 0
2017/11/16 15:35:53 ZEBRA: zebra message received [ZEBRA_HELLO] 1
2017/11/16 15:35:53 ZEBRA: client 17 says hello and bids fair to announce only ospf6 routes
2017/11/16 15:35:53 ZEBRA: zebra message received [ZEBRA_ROUTER_ID_ADD] 0
2017/11/16 15:35:53 ZEBRA: zebra message received [ZEBRA_INTERFACE_ADD] 0
2017/11/16 15:35:53 ZEBRA: zebra message received [ZEBRA_IPV4_ROUTE_ADD] 19
2017/11/16 15:35:53 ZEBRA: zebra message received [ZEBRA_IPV4_ROUTE_ADD] 19
2017/11/16 15:36:33 ZEBRA: zebra message received [ZEBRA_IPV6_ROUTE_ADD] 41
2017/11/16 15:36:33 ZEBRA: zebra message received [ZEBRA_IPV6_ROUTE_ADD] 41
2017/11/16 15:36:38 ZEBRA: zebra message received [ZEBRA_IPV6_ROUTE_ADD] 41
2017/11/16 15:36:38 ZEBRA: zebra message received [ZEBRA_IPV6_ROUTE_ADD] 41
2017/11/16 15:36:38 ZEBRA: zebra message received [ZEBRA_IPV6_ROUTE_ADD] 41
2017/11/16 15:36:38 ZEBRA: zebra message received [ZEBRA_IPV6_ROUTE_ADD] 41
2017/11/16 15:36:38 ZEBRA: zebra message received [ZEBRA_IPV6_ROUTE_ADD] 41
2017/11/16 15:36:38 ZEBRA: zebra message received [ZEBRA_IPV6_ROUTE_DELETE] 41
2017/11/16 15:36:38 ZEBRA: zebra message received [ZEBRA_IPV6_ROUTE_DELETE] 41
2017/11/16 15:36:38 ZEBRA: zebra message received [ZEBRA_IPV6_ROUTE_ADD] 41
2017/11/16 15:36:38 ZEBRA: zebra message received [ZEBRA_IPV6_ROUTE_ADD] 41
2017/11/16 15:36:38 ZEBRA: zebra message received [ZEBRA_IPV6_ROUTE_DELETE] 41
2017/11/16 15:36:38 ZEBRA: zebra message received [ZEBRA_IPV6_ROUTE_ADD] 41
2017/11/16 15:36:43 ZEBRA: zebra message received [ZEBRA_IPV6_ROUTE_ADD] 63
2017/11/16 15:36:43 ZEBRA: zebra message received [ZEBRA_IPV6_ROUTE_ADD] 63
2017/11/16 15:36:43 ZEBRA: zebra message received [ZEBRA_IPV6_ROUTE_ADD] 41
2017/11/16 15:36:44 ZEBRA: zebra message received [ZEBRA_IPV4_ROUTE_ADD] 23
2017/11/16 15:36:44 ZEBRA: zebra message received [ZEBRA_IPV4_ROUTE_ADD] 23
2017/11/16 15:36:44 ZEBRA: zebra message received [ZEBRA_IPV4_ROUTE_ADD] 23
2017/11/16 15:36:44 ZEBRA: zebra message received [ZEBRA_IPV4_ROUTE_ADD] 23
2017/11/16 15:36:44 ZEBRA: zebra message received [ZEBRA_IPV4_ROUTE_ADD] 23
2017/11/16 15:43:23 ZEBRA: zebra message received [ZEBRA_IPV6_ROUTE_DELETE] 41
2017/11/16 15:43:23 ZEBRA: zebra message received [ZEBRA_IPV6_ROUTE_ADD] 41
2017/11/16 15:43:23 ZEBRA: zebra message received [ZEBRA_IPV6_ROUTE_ADD] 41
2017/11/16 15:43:23 ZEBRA: zebra message received [ZEBRA_IPV6_ROUTE_ADD] 41
2017/11/16 15:43:23 ZEBRA: zebra message received [ZEBRA_IPV6_ROUTE_ADD] 41
2017/11/16 15:43:23 ZEBRA: zebra message received [ZEBRA_IPV6_ROUTE_ADD] 41
2017/11/16 15:43:23 ZEBRA: zebra message received [ZEBRA_IPV6_ROUTE_ADD] 41
2017/11/16 15:43:23 ZEBRA: zebra message received [ZEBRA_IPV6_ROUTE_DELETE] 41
2017/11/16 15:43:23 ZEBRA: zebra message received [ZEBRA_IPV6_ROUTE_ADD] 41
2017/11/16 15:43:23 ZEBRA: zebra message received [ZEBRA_IPV6_ROUTE_DELETE] 41
2017/11/16 15:43:23 ZEBRA: zebra message received [ZEBRA_IPV6_ROUTE_DELETE] 41
2017/11/16 15:43:24 ZEBRA: zebra message received [ZEBRA_IPV4_ROUTE_DELETE] 19
2017/11/16 15:43:24 ZEBRA: zebra message received [ZEBRA_IPV4_ROUTE_DELETE] 19
2017/11/16 15:43:24 ZEBRA: zebra message received [ZEBRA_IPV4_ROUTE_DELETE] 19
2017/11/16 15:43:27 ZEBRA: zebra message received [ZEBRA_IPV6_ROUTE_DELETE] 41
2017/11/16 15:43:27 ZEBRA: zebra message received [ZEBRA_IPV6_ROUTE_DELETE] 41
2017/11/16 15:43:27 ZEBRA: zebra message received [ZEBRA_IPV6_ROUTE_ADD] 41
2017/11/16 15:43:27 ZEBRA: zebra message received [ZEBRA_IPV6_ROUTE_ADD] 41
2017/11/16 15:43:28 ZEBRA: zebra message received [ZEBRA_IPV6_ROUTE_ADD] 41
2017/11/16 15:43:28 ZEBRA: zebra message received [ZEBRA_IPV6_ROUTE_ADD] 41
2017/11/16 15:43:28 ZEBRA: zebra message received [ZEBRA_IPV6_ROUTE_ADD] 41
2017/11/16 15:43:28 ZEBRA: zebra message received [ZEBRA_IPV6_ROUTE_ADD] 41
2017/11/16 15:43:29 ZEBRA: zebra message received [ZEBRA_IPV6_ROUTE_DELETE] 41
2017/11/16 15:43:29 ZEBRA: zebra message received [ZEBRA_IPV6_ROUTE_DELETE] 41
2017/11/16 15:43:29 ZEBRA: zebra message received [ZEBRA_IPV6_ROUTE_ADD] 41
2017/11/16 15:43:29 ZEBRA: zebra message received [ZEBRA_IPV6_ROUTE_ADD] 63
2017/11/16 15:43:29 ZEBRA: zebra message received [ZEBRA_IPV6_ROUTE_ADD] 63
2017/11/16 15:43:34 ZEBRA: zebra message received [ZEBRA_IPV4_ROUTE_ADD] 23
2017/11/16 15:43:34 ZEBRA: zebra message received [ZEBRA_IPV4_ROUTE_ADD] 23
2017/11/16 15:43:34 ZEBRA: zebra message received [ZEBRA_IPV4_ROUTE_ADD] 23
2017/11/16 15:46:46 ZEBRA: zebra message received [ZEBRA_IPV6_ROUTE_DELETE] 41
2017/11/16 15:46:46 ZEBRA: zebra message received [ZEBRA_IPV6_ROUTE_DELETE] 41
2017/11/16 15:46:46 ZEBRA: zebra message received [ZEBRA_IPV6_ROUTE_ADD] 41
2017/11/16 15:46:46 ZEBRA: zebra message received [ZEBRA_IPV6_ROUTE_ADD] 41
2017/11/16 15:46:46 ZEBRA: zebra message received [ZEBRA_IPV4_ROUTE_DELETE] 19
2017/11/16 15:46:46 ZEBRA: zebra message received [ZEBRA_IPV4_ROUTE_DELETE] 19
2017/11/16 15:46:46 ZEBRA: zebra message received [ZEBRA_IPV4_ROUTE_DELETE] 19
2017/11/16 15:46:46 ZEBRA: zebra message received [ZEBRA_IPV4_ROUTE_DELETE] 19
2017/11/16 15:46:46 ZEBRA: zebra message received [ZEBRA_IPV4_ROUTE_DELETE] 19
2017/11/16 15:46:46 ZEBRA: zebra message received [ZEBRA_IPV6_ROUTE_DELETE] 41
2017/11/16 15:46:47 ZEBRA: zebra message received [ZEBRA_IPV6_ROUTE_DELETE] 41
2017/11/16 15:46:47 ZEBRA: zebra message received [ZEBRA_IPV6_ROUTE_DELETE] 41
2017/11/16 15:46:47 ZEBRA: zebra message received [ZEBRA_IPV6_ROUTE_DELETE] 41
2017/11/16 15:46:47 ZEBRA: zebra message received [ZEBRA_IPV6_ROUTE_DELETE] 41
2017/11/16 15:46:48 ZEBRA: zebra message received [ZEBRA_IPV4_ROUTE_DELETE] 15
2017/11/16 15:46:48 ZEBRA: zebra message received [ZEBRA_IPV4_ROUTE_DELETE] 15
2017/11/16 15:47:08 ZEBRA: Zebra 0.99.22.4 starting: vty@2601
2017/11/16 15:47:08 ZEBRA: zebra message received [ZEBRA_HELLO] 1
2017/11/16 15:47:08 ZEBRA: client 16 says hello and bids fair to announce only ospf routes
2017/11/16 15:47:08 ZEBRA: zebra message received [ZEBRA_ROUTER_ID_ADD] 0
2017/11/16 15:47:08 ZEBRA: zebra message received [ZEBRA_INTERFACE_ADD] 0
2017/11/16 15:47:08 ZEBRA: zebra message received [ZEBRA_HELLO] 1
2017/11/16 15:47:08 ZEBRA: client 17 says hello and bids fair to announce only ospf6 routes
2017/11/16 15:47:08 ZEBRA: zebra message received [ZEBRA_ROUTER_ID_ADD] 0
2017/11/16 15:47:08 ZEBRA: zebra message received [ZEBRA_INTERFACE_ADD] 0
2017/11/16 15:47:08 ZEBRA: zebra message received [ZEBRA_IPV4_ROUTE_ADD] 19
2017/11/16 15:47:08 ZEBRA: zebra message received [ZEBRA_IPV4_ROUTE_ADD] 19
2017/11/16 15:47:48 ZEBRA: zebra message received [ZEBRA_IPV6_ROUTE_ADD] 41
2017/11/16 15:47:48 ZEBRA: zebra message received [ZEBRA_IPV6_ROUTE_ADD] 41
2017/11/16 15:47:54 ZEBRA: zebra message received [ZEBRA_IPV6_ROUTE_ADD] 41
2017/11/16 15:47:54 ZEBRA: zebra message received [ZEBRA_IPV6_ROUTE_ADD] 41
2017/11/16 15:47:54 ZEBRA: zebra message received [ZEBRA_IPV6_ROUTE_ADD] 41
2017/11/16 15:47:54 ZEBRA: zebra message received [ZEBRA_IPV6_ROUTE_ADD] 41
2017/11/16 15:47:58 ZEBRA: zebra message received [ZEBRA_IPV6_ROUTE_ADD] 41
2017/11/16 15:47:58 ZEBRA: zebra message received [ZEBRA_IPV6_ROUTE_DELETE] 41
2017/11/16 15:47:58 ZEBRA: zebra message received [ZEBRA_IPV6_ROUTE_DELETE] 41
2017/11/16 15:47:58 ZEBRA: zebra message received [ZEBRA_IPV6_ROUTE_ADD] 41
2017/11/16 15:47:58 ZEBRA: zebra message received [ZEBRA_IPV6_ROUTE_ADD] 41
2017/11/16 15:47:58 ZEBRA: zebra message received [ZEBRA_IPV6_ROUTE_ADD] 41
2017/11/16 15:47:58 ZEBRA: zebra message received [ZEBRA_IPV6_ROUTE_ADD] 41
2017/11/16 15:47:59 ZEBRA: zebra message received [ZEBRA_IPV6_ROUTE_DELETE] 41
2017/11/16 15:47:59 ZEBRA: zebra message received [ZEBRA_IPV6_ROUTE_DELETE] 41
2017/11/16 15:47:59 ZEBRA: zebra message received [ZEBRA_IPV6_ROUTE_ADD] 41
2017/11/16 15:47:59 ZEBRA: zebra message received [ZEBRA_IPV6_ROUTE_ADD] 41
2017/11/16 15:47:59 ZEBRA: zebra message received [ZEBRA_IPV6_ROUTE_ADD] 41
2017/11/16 15:48:03 ZEBRA: zebra message received [ZEBRA_IPV6_ROUTE_DELETE] 41
2017/11/16 15:48:03 ZEBRA: zebra message received [ZEBRA_IPV6_ROUTE_ADD] 41
2017/11/16 15:48:03 ZEBRA: zebra message received [ZEBRA_IPV6_ROUTE_ADD] 41
2017/11/16 15:48:03 ZEBRA: zebra message received [ZEBRA_IPV6_ROUTE_ADD] 41
2017/11/16 15:48:03 ZEBRA: zebra message received [ZEBRA_IPV6_ROUTE_ADD] 41
2017/11/16 15:48:03 ZEBRA: zebra message received [ZEBRA_IPV6_ROUTE_ADD] 41
2017/11/16 15:48:04 ZEBRA: zebra message received [ZEBRA_IPV6_ROUTE_DELETE] 41
2017/11/16 15:48:04 ZEBRA: zebra message received [ZEBRA_IPV6_ROUTE_ADD] 41
2017/11/16 15:48:13 ZEBRA: zebra message received [ZEBRA_IPV4_ROUTE_ADD] 23
2017/11/16 15:48:13 ZEBRA: zebra message received [ZEBRA_IPV4_ROUTE_ADD] 23
2017/11/16 15:48:13 ZEBRA: zebra message received [ZEBRA_IPV4_ROUTE_ADD] 23
2017/11/16 15:48:13 ZEBRA: zebra message received [ZEBRA_IPV4_ROUTE_ADD] 23
2017/11/16 15:48:13 ZEBRA: zebra message received [ZEBRA_IPV4_ROUTE_ADD] 23
2017/11/16 15:57:01 ZEBRA: zebra message received [ZEBRA_IPV6_ROUTE_DELETE] 41
2017/11/16 15:57:01 ZEBRA: zebra message received [ZEBRA_IPV6_ROUTE_ADD] 41
2017/11/16 15:57:01 ZEBRA: zebra message received [ZEBRA_IPV6_ROUTE_DELETE] 41
2017/11/16 15:57:01 ZEBRA: zebra message received [ZEBRA_IPV6_ROUTE_DELETE] 41
2017/11/16 15:57:01 ZEBRA: zebra message received [ZEBRA_IPV4_ROUTE_DELETE] 19
2017/11/16 15:57:02 ZEBRA: zebra message received [ZEBRA_IPV6_ROUTE_DELETE] 41
2017/11/16 15:57:02 ZEBRA: zebra message received [ZEBRA_IPV6_ROUTE_DELETE] 41
2017/11/16 15:57:02 ZEBRA: zebra message received [ZEBRA_IPV6_ROUTE_DELETE] 41
2017/11/16 15:57:02 ZEBRA: zebra message received [ZEBRA_IPV6_ROUTE_DELETE] 41
2017/11/16 15:57:26 ZEBRA: Zebra 0.99.22.4 starting: vty@2601
2017/11/16 15:57:26 ZEBRA: zebra message received [ZEBRA_HELLO] 1
2017/11/16 15:57:26 ZEBRA: client 16 says hello and bids fair to announce only ospf routes
2017/11/16 15:57:26 ZEBRA: zebra message received [ZEBRA_ROUTER_ID_ADD] 0
2017/11/16 15:57:26 ZEBRA: zebra message received [ZEBRA_INTERFACE_ADD] 0
2017/11/16 15:57:26 ZEBRA: zebra message received [ZEBRA_HELLO] 1
2017/11/16 15:57:26 ZEBRA: client 17 says hello and bids fair to announce only ospf6 routes
2017/11/16 15:57:26 ZEBRA: zebra message received [ZEBRA_ROUTER_ID_ADD] 0
2017/11/16 15:57:26 ZEBRA: zebra message received [ZEBRA_INTERFACE_ADD] 0
2017/11/16 15:57:26 ZEBRA: zebra message received [ZEBRA_IPV4_ROUTE_ADD] 19
2017/11/16 15:57:26 ZEBRA: zebra message received [ZEBRA_IPV4_ROUTE_ADD] 19
2017/11/16 15:58:06 ZEBRA: zebra message received [ZEBRA_IPV6_ROUTE_ADD] 41
2017/11/16 15:58:06 ZEBRA: zebra message received [ZEBRA_IPV6_ROUTE_ADD] 41
2017/11/16 15:58:11 ZEBRA: zebra message received [ZEBRA_IPV6_ROUTE_ADD] 41
2017/11/16 15:58:11 ZEBRA: zebra message received [ZEBRA_IPV6_ROUTE_ADD] 41
2017/11/16 15:58:11 ZEBRA: zebra message received [ZEBRA_IPV6_ROUTE_ADD] 41
2017/11/16 15:58:11 ZEBRA: zebra message received [ZEBRA_IPV6_ROUTE_ADD] 41
2017/11/16 15:58:11 ZEBRA: zebra message received [ZEBRA_IPV6_ROUTE_ADD] 41
2017/11/16 15:58:11 ZEBRA: zebra message received [ZEBRA_IPV6_ROUTE_DELETE] 41
2017/11/16 15:58:11 ZEBRA: zebra message received [ZEBRA_IPV6_ROUTE_ADD] 41
2017/11/16 15:58:11 ZEBRA: zebra message received [ZEBRA_IPV6_ROUTE_ADD] 63
2017/11/16 15:58:11 ZEBRA: zebra message received [ZEBRA_IPV6_ROUTE_ADD] 63
2017/11/16 15:58:11 ZEBRA: zebra message received [ZEBRA_IPV6_ROUTE_ADD] 41
2017/11/16 15:58:11 ZEBRA: zebra message received [ZEBRA_IPV6_ROUTE_DELETE] 41
2017/11/16 15:58:11 ZEBRA: zebra message received [ZEBRA_IPV6_ROUTE_ADD] 41
2017/11/16 15:58:16 ZEBRA: zebra message received [ZEBRA_IPV4_ROUTE_ADD] 23
2017/11/16 15:58:16 ZEBRA: zebra message received [ZEBRA_IPV4_ROUTE_ADD] 23
2017/11/16 15:58:16 ZEBRA: zebra message received [ZEBRA_IPV4_ROUTE_ADD] 23
2017/11/16 15:58:16 ZEBRA: zebra message received [ZEBRA_IPV4_ROUTE_ADD] 23
2017/11/16 15:58:16 ZEBRA: zebra message received [ZEBRA_IPV4_ROUTE_ADD] 23
2017/11/16 15:59:36 ZEBRA: zebra message received [ZEBRA_IPV6_ROUTE_DELETE] 41
2017/11/16 15:59:36 ZEBRA: zebra message received [ZEBRA_IPV6_ROUTE_ADD] 41
2017/11/16 15:59:36 ZEBRA: zebra message received [ZEBRA_IPV6_ROUTE_ADD] 41
2017/11/16 15:59:36 ZEBRA: zebra message received [ZEBRA_IPV6_ROUTE_ADD] 41
2017/11/16 15:59:36 ZEBRA: zebra message received [ZEBRA_IPV6_ROUTE_DELETE] 41
2017/11/16 15:59:36 ZEBRA: zebra message received [ZEBRA_IPV6_ROUTE_DELETE] 41
2017/11/16 15:59:36 ZEBRA: zebra message received [ZEBRA_IPV4_ROUTE_DELETE] 19
2017/11/16 15:59:36 ZEBRA: zebra message received [ZEBRA_IPV6_ROUTE_DELETE] 41
2017/11/16 15:59:36 ZEBRA: zebra message received [ZEBRA_IPV6_ROUTE_DELETE] 41
2017/11/16 15:59:36 ZEBRA: zebra message received [ZEBRA_IPV6_ROUTE_DELETE] 41
2017/11/16 15:59:37 ZEBRA: zebra message received [ZEBRA_IPV6_ROUTE_DELETE] 41
2017/11/16 15:59:37 ZEBRA: zebra message received [ZEBRA_IPV4_ROUTE_DELETE] 19
2017/11/16 15:59:37 ZEBRA: zebra message received [ZEBRA_IPV4_ROUTE_DELETE] 15
2017/11/16 15:59:37 ZEBRA: zebra message received [ZEBRA_IPV4_ROUTE_DELETE] 19
2017/11/16 15:59:37 ZEBRA: zebra message received [ZEBRA_IPV4_ROUTE_DELETE] 19
2017/11/16 15:59:37 ZEBRA: zebra message received [ZEBRA_IPV4_ROUTE_DELETE] 19
2017/11/16 15:59:37 ZEBRA: zebra message received [ZEBRA_IPV4_ROUTE_DELETE] 15
2017/11/16 16:00:03 ZEBRA: Zebra 0.99.22.4 starting: vty@2601
2017/11/16 16:00:03 ZEBRA: zebra message received [ZEBRA_HELLO] 1
2017/11/16 16:00:03 ZEBRA: client 16 says hello and bids fair to announce only ospf routes
2017/11/16 16:00:03 ZEBRA: zebra message received [ZEBRA_ROUTER_ID_ADD] 0
2017/11/16 16:00:03 ZEBRA: zebra message received [ZEBRA_INTERFACE_ADD] 0
2017/11/16 16:00:03 ZEBRA: zebra message received [ZEBRA_HELLO] 1
2017/11/16 16:00:03 ZEBRA: client 17 says hello and bids fair to announce only ospf6 routes
2017/11/16 16:00:03 ZEBRA: zebra message received [ZEBRA_ROUTER_ID_ADD] 0
2017/11/16 16:00:03 ZEBRA: zebra message received [ZEBRA_INTERFACE_ADD] 0
2017/11/16 16:00:03 ZEBRA: zebra message received [ZEBRA_IPV4_ROUTE_ADD] 19
2017/11/16 16:00:03 ZEBRA: zebra message received [ZEBRA_IPV4_ROUTE_ADD] 19
2017/11/16 16:00:43 ZEBRA: zebra message received [ZEBRA_IPV6_ROUTE_ADD] 41
2017/11/16 16:00:43 ZEBRA: zebra message received [ZEBRA_IPV6_ROUTE_ADD] 41
2017/11/16 16:00:48 ZEBRA: zebra message received [ZEBRA_IPV6_ROUTE_ADD] 41
2017/11/16 16:00:48 ZEBRA: zebra message received [ZEBRA_IPV6_ROUTE_ADD] 41
2017/11/16 16:00:48 ZEBRA: zebra message received [ZEBRA_IPV6_ROUTE_ADD] 41
2017/11/16 16:00:48 ZEBRA: zebra message received [ZEBRA_IPV6_ROUTE_ADD] 41
2017/11/16 16:00:48 ZEBRA: zebra message received [ZEBRA_IPV6_ROUTE_ADD] 41
2017/11/16 16:00:48 ZEBRA: zebra message received [ZEBRA_IPV6_ROUTE_ADD] 63
2017/11/16 16:00:48 ZEBRA: zebra message received [ZEBRA_IPV6_ROUTE_ADD] 63
2017/11/16 16:00:48 ZEBRA: zebra message received [ZEBRA_IPV6_ROUTE_ADD] 41
2017/11/16 16:00:48 ZEBRA: zebra message received [ZEBRA_IPV6_ROUTE_DELETE] 41
2017/11/16 16:00:48 ZEBRA: zebra message received [ZEBRA_IPV6_ROUTE_ADD] 41
2017/11/16 16:00:53 ZEBRA: zebra message received [ZEBRA_IPV4_ROUTE_ADD] 23
2017/11/16 16:00:53 ZEBRA: zebra message received [ZEBRA_IPV4_ROUTE_ADD] 23
2017/11/16 16:00:53 ZEBRA: zebra message received [ZEBRA_IPV4_ROUTE_ADD] 23
2017/11/16 16:00:53 ZEBRA: zebra message received [ZEBRA_IPV4_ROUTE_ADD] 23
2017/11/16 16:00:53 ZEBRA: zebra message received [ZEBRA_IPV4_ROUTE_ADD] 23
2017/11/16 16:12:10 ZEBRA: zebra message received [ZEBRA_IPV6_ROUTE_DELETE] 63
2017/11/16 16:12:10 ZEBRA: zebra message received [ZEBRA_IPV4_ROUTE_DELETE] 19
2017/11/16 16:21:19 ZEBRA: zebra message received [ZEBRA_IPV6_ROUTE_DELETE] 41
2017/11/16 16:21:19 ZEBRA: zebra message received [ZEBRA_IPV6_ROUTE_ADD] 41
2017/11/16 16:21:19 ZEBRA: zebra message received [ZEBRA_IPV6_ROUTE_ADD] 41
2017/11/16 16:21:20 ZEBRA: zebra message received [ZEBRA_IPV6_ROUTE_DELETE] 41
2017/11/16 16:21:20 ZEBRA: zebra message received [ZEBRA_IPV4_ROUTE_DELETE] 19
2017/11/16 16:21:20 ZEBRA: zebra message received [ZEBRA_IPV6_ROUTE_DELETE] 41
2017/11/16 16:21:20 ZEBRA: zebra message received [ZEBRA_IPV6_ROUTE_DELETE] 41
2017/11/16 16:21:20 ZEBRA: zebra message received [ZEBRA_IPV6_ROUTE_DELETE] 41
2017/11/16 16:21:20 ZEBRA: zebra message received [ZEBRA_IPV6_ROUTE_DELETE] 41
2017/11/16 16:21:21 ZEBRA: zebra message received [ZEBRA_IPV4_ROUTE_DELETE] 19
2017/11/16 16:21:21 ZEBRA: zebra message received [ZEBRA_IPV4_ROUTE_DELETE] 15
2017/11/16 16:21:21 ZEBRA: zebra message received [ZEBRA_IPV4_ROUTE_DELETE] 19
2017/11/16 16:21:21 ZEBRA: zebra message received [ZEBRA_IPV4_ROUTE_DELETE] 19
2017/11/16 16:21:21 ZEBRA: zebra message received [ZEBRA_IPV4_ROUTE_DELETE] 15
2017/11/16 16:21:43 ZEBRA: Zebra 0.99.22.4 starting: vty@2601
2017/11/16 16:21:43 ZEBRA: zebra message received [ZEBRA_HELLO] 1
2017/11/16 16:21:43 ZEBRA: client 16 says hello and bids fair to announce only ospf routes
2017/11/16 16:21:43 ZEBRA: zebra message received [ZEBRA_ROUTER_ID_ADD] 0
2017/11/16 16:21:43 ZEBRA: zebra message received [ZEBRA_INTERFACE_ADD] 0
2017/11/16 16:21:44 ZEBRA: zebra message received [ZEBRA_HELLO] 1
2017/11/16 16:21:44 ZEBRA: client 17 says hello and bids fair to announce only ospf6 routes
2017/11/16 16:21:44 ZEBRA: zebra message received [ZEBRA_ROUTER_ID_ADD] 0
2017/11/16 16:21:44 ZEBRA: zebra message received [ZEBRA_INTERFACE_ADD] 0
2017/11/16 16:21:44 ZEBRA: zebra message received [ZEBRA_IPV4_ROUTE_ADD] 19
2017/11/16 16:21:44 ZEBRA: zebra message received [ZEBRA_IPV4_ROUTE_ADD] 19
2017/11/16 16:22:24 ZEBRA: zebra message received [ZEBRA_IPV6_ROUTE_ADD] 41
2017/11/16 16:22:24 ZEBRA: zebra message received [ZEBRA_IPV6_ROUTE_ADD] 41
2017/11/16 16:22:29 ZEBRA: zebra message received [ZEBRA_IPV6_ROUTE_ADD] 41
2017/11/16 16:22:29 ZEBRA: zebra message received [ZEBRA_IPV6_ROUTE_ADD] 41
2017/11/16 16:22:29 ZEBRA: zebra message received [ZEBRA_IPV6_ROUTE_ADD] 41
2017/11/16 16:22:29 ZEBRA: zebra message received [ZEBRA_IPV6_ROUTE_ADD] 41
2017/11/16 16:22:29 ZEBRA: zebra message received [ZEBRA_IPV6_ROUTE_ADD] 41
2017/11/16 16:22:30 ZEBRA: zebra message received [ZEBRA_IPV6_ROUTE_DELETE] 41
2017/11/16 16:22:30 ZEBRA: zebra message received [ZEBRA_IPV6_ROUTE_DELETE] 41
2017/11/16 16:22:30 ZEBRA: zebra message received [ZEBRA_IPV6_ROUTE_DELETE] 41
2017/11/16 16:22:30 ZEBRA: zebra message received [ZEBRA_IPV6_ROUTE_ADD] 41
2017/11/16 16:22:30 ZEBRA: zebra message received [ZEBRA_IPV6_ROUTE_ADD] 41
2017/11/16 16:22:30 ZEBRA: zebra message received [ZEBRA_IPV6_ROUTE_ADD] 41
2017/11/16 16:22:31 ZEBRA: zebra message received [ZEBRA_IPV6_ROUTE_DELETE] 41
2017/11/16 16:22:31 ZEBRA: zebra message received [ZEBRA_IPV6_ROUTE_DELETE] 41
2017/11/16 16:22:31 ZEBRA: zebra message received [ZEBRA_IPV6_ROUTE_ADD] 41
2017/11/16 16:22:31 ZEBRA: zebra message received [ZEBRA_IPV6_ROUTE_ADD] 41
2017/11/16 16:22:34 ZEBRA: zebra message received [ZEBRA_IPV6_ROUTE_DELETE] 41
2017/11/16 16:22:34 ZEBRA: zebra message received [ZEBRA_IPV6_ROUTE_ADD] 41
2017/11/16 16:22:34 ZEBRA: zebra message received [ZEBRA_IPV4_ROUTE_ADD] 23
2017/11/16 16:22:34 ZEBRA: zebra message received [ZEBRA_IPV4_ROUTE_ADD] 23
2017/11/16 16:22:34 ZEBRA: zebra message received [ZEBRA_IPV4_ROUTE_ADD] 23
2017/11/16 16:22:34 ZEBRA: zebra message received [ZEBRA_IPV4_ROUTE_ADD] 23
2017/11/16 16:22:34 ZEBRA: zebra message received [ZEBRA_IPV4_ROUTE_ADD] 23
2017/11/16 16:22:35 ZEBRA: zebra message received [ZEBRA_IPV6_ROUTE_ADD] 63
2017/11/16 16:22:35 ZEBRA: zebra message received [ZEBRA_IPV6_ROUTE_ADD] 63
2017/11/16 16:22:35 ZEBRA: zebra message received [ZEBRA_IPV6_ROUTE_ADD] 41
2017/11/16 16:24:14 ZEBRA: zebra message received [ZEBRA_IPV6_ROUTE_DELETE] 41
2017/11/16 16:24:14 ZEBRA: zebra message received [ZEBRA_IPV6_ROUTE_ADD] 41
2017/11/16 16:24:14 ZEBRA: zebra message received [ZEBRA_IPV6_ROUTE_ADD] 41
2017/11/16 16:24:51 ZEBRA: zebra message received [ZEBRA_IPV6_ROUTE_DELETE] 41
2017/11/16 16:24:51 ZEBRA: zebra message received [ZEBRA_IPV6_ROUTE_ADD] 41
2017/11/16 16:24:51 ZEBRA: zebra message received [ZEBRA_IPV6_ROUTE_ADD] 41
2017/11/16 16:24:51 ZEBRA: zebra message received [ZEBRA_IPV4_ROUTE_DELETE] 19
2017/11/16 16:24:51 ZEBRA: zebra message received [ZEBRA_IPV4_ROUTE_DELETE] 19
2017/11/16 16:24:51 ZEBRA: zebra message received [ZEBRA_IPV4_ROUTE_DELETE] 19
2017/11/16 16:40:12 ZEBRA: zebra message received [ZEBRA_IPV6_ROUTE_DELETE] 41
2017/11/16 16:40:12 ZEBRA: zebra message received [ZEBRA_IPV6_ROUTE_DELETE] 41
2017/11/16 16:40:12 ZEBRA: zebra message received [ZEBRA_IPV6_ROUTE_ADD] 41
2017/11/16 16:40:12 ZEBRA: zebra message received [ZEBRA_IPV6_ROUTE_DELETE] 41
2017/11/16 16:40:12 ZEBRA: zebra message received [ZEBRA_IPV4_ROUTE_DELETE] 19
2017/11/16 16:40:12 ZEBRA: zebra message received [ZEBRA_IPV6_ROUTE_DELETE] 41
2017/11/16 16:40:12 ZEBRA: zebra message received [ZEBRA_IPV6_ROUTE_DELETE] 41
2017/11/16 16:40:12 ZEBRA: zebra message received [ZEBRA_IPV6_ROUTE_DELETE] 41
2017/11/16 16:40:12 ZEBRA: zebra message received [ZEBRA_IPV6_ROUTE_DELETE] 41
2017/11/16 16:40:12 ZEBRA: zebra message received [ZEBRA_IPV6_ROUTE_DELETE] 41
2017/11/16 16:41:18 ZEBRA: Zebra 0.99.22.4 starting: vty@2601
2017/11/16 16:41:18 ZEBRA: zebra message received [ZEBRA_HELLO] 1
2017/11/16 16:41:18 ZEBRA: client 16 says hello and bids fair to announce only ospf routes
2017/11/16 16:41:18 ZEBRA: zebra message received [ZEBRA_ROUTER_ID_ADD] 0
2017/11/16 16:41:18 ZEBRA: zebra message received [ZEBRA_INTERFACE_ADD] 0
2017/11/16 16:41:18 ZEBRA: zebra message received [ZEBRA_HELLO] 1
2017/11/16 16:41:18 ZEBRA: client 17 says hello and bids fair to announce only ospf6 routes
2017/11/16 16:41:18 ZEBRA: zebra message received [ZEBRA_ROUTER_ID_ADD] 0
2017/11/16 16:41:18 ZEBRA: zebra message received [ZEBRA_INTERFACE_ADD] 0
2017/11/16 16:41:18 ZEBRA: zebra message received [ZEBRA_IPV4_ROUTE_ADD] 19
2017/11/16 16:41:18 ZEBRA: zebra message received [ZEBRA_IPV4_ROUTE_ADD] 19
2017/11/16 16:42:08 ZEBRA: zebra message received [ZEBRA_IPV6_ROUTE_ADD] 41
2017/11/16 16:42:08 ZEBRA: zebra message received [ZEBRA_IPV6_ROUTE_ADD] 41
2017/11/16 16:42:13 ZEBRA: zebra message received [ZEBRA_IPV6_ROUTE_ADD] 41
2017/11/16 16:42:13 ZEBRA: zebra message received [ZEBRA_IPV6_ROUTE_ADD] 41
2017/11/16 16:42:13 ZEBRA: zebra message received [ZEBRA_IPV6_ROUTE_ADD] 41
2017/11/16 16:42:13 ZEBRA: zebra message received [ZEBRA_IPV6_ROUTE_ADD] 41
2017/11/16 16:42:13 ZEBRA: zebra message received [ZEBRA_IPV6_ROUTE_ADD] 41
2017/11/16 16:42:16 ZEBRA: zebra message received [ZEBRA_IPV6_ROUTE_DELETE] 41
2017/11/16 16:42:16 ZEBRA: zebra message received [ZEBRA_IPV6_ROUTE_ADD] 41
2017/11/16 16:42:16 ZEBRA: zebra message received [ZEBRA_IPV6_ROUTE_DELETE] 41
2017/11/16 16:42:16 ZEBRA: zebra message received [ZEBRA_IPV6_ROUTE_ADD] 41
2017/11/16 16:42:16 ZEBRA: zebra message received [ZEBRA_IPV6_ROUTE_ADD] 41
2017/11/16 16:42:18 ZEBRA: zebra message received [ZEBRA_IPV6_ROUTE_DELETE] 41
2017/11/16 16:42:18 ZEBRA: zebra message received [ZEBRA_IPV6_ROUTE_ADD] 41
2017/11/16 16:42:18 ZEBRA: zebra message received [ZEBRA_IPV4_ROUTE_ADD] 23
2017/11/16 16:42:18 ZEBRA: zebra message received [ZEBRA_IPV4_ROUTE_ADD] 23
2017/11/16 16:42:21 ZEBRA: zebra message received [ZEBRA_IPV6_ROUTE_ADD] 63
2017/11/16 16:42:21 ZEBRA: zebra message received [ZEBRA_IPV6_ROUTE_ADD] 63
2017/11/16 16:42:21 ZEBRA: zebra message received [ZEBRA_IPV6_ROUTE_ADD] 41
2017/11/16 17:09:03 ZEBRA: zebra message received [ZEBRA_IPV6_ROUTE_DELETE] 41
2017/11/16 17:09:04 ZEBRA: zebra message received [ZEBRA_IPV6_ROUTE_ADD] 41
2017/11/16 17:09:04 ZEBRA: zebra message received [ZEBRA_IPV6_ROUTE_ADD] 41
2017/11/16 17:09:04 ZEBRA: zebra message received [ZEBRA_IPV6_ROUTE_ADD] 41
2017/11/16 17:09:04 ZEBRA: zebra message received [ZEBRA_IPV6_ROUTE_DELETE] 41
2017/11/16 17:09:04 ZEBRA: zebra message received [ZEBRA_IPV6_ROUTE_DELETE] 41
2017/11/16 17:09:04 ZEBRA: zebra message received [ZEBRA_IPV4_ROUTE_DELETE] 19
2017/11/16 17:09:04 ZEBRA: zebra message received [ZEBRA_IPV6_ROUTE_DELETE] 41
2017/11/16 17:09:04 ZEBRA: zebra message received [ZEBRA_IPV6_ROUTE_DELETE] 41
2017/11/16 17:09:04 ZEBRA: zebra message received [ZEBRA_IPV6_ROUTE_DELETE] 41
2017/11/16 17:09:05 ZEBRA: zebra message received [ZEBRA_IPV6_ROUTE_DELETE] 41
2017/11/16 17:09:05 ZEBRA: zebra message received [ZEBRA_IPV4_ROUTE_DELETE] 19
2017/11/16 17:09:05 ZEBRA: zebra message received [ZEBRA_IPV4_ROUTE_DELETE] 15
2017/11/16 17:09:05 ZEBRA: zebra message received [ZEBRA_IPV4_ROUTE_DELETE] 15
2017/11/17 11:35:33 ZEBRA: Zebra 0.99.22.4 starting: vty@2601
2017/11/17 11:35:33 ZEBRA: zebra message received [ZEBRA_HELLO] 1
2017/11/17 11:35:33 ZEBRA: client 16 says hello and bids fair to announce only ospf routes
2017/11/17 11:35:33 ZEBRA: zebra message received [ZEBRA_ROUTER_ID_ADD] 0
2017/11/17 11:35:33 ZEBRA: zebra message received [ZEBRA_INTERFACE_ADD] 0
2017/11/17 11:35:33 ZEBRA: zebra message received [ZEBRA_HELLO] 1
2017/11/17 11:35:33 ZEBRA: client 17 says hello and bids fair to announce only ospf6 routes
2017/11/17 11:35:33 ZEBRA: zebra message received [ZEBRA_ROUTER_ID_ADD] 0
2017/11/17 11:35:33 ZEBRA: zebra message received [ZEBRA_INTERFACE_ADD] 0
2017/11/17 11:35:33 ZEBRA: zebra message received [ZEBRA_IPV4_ROUTE_ADD] 19
2017/11/17 11:35:33 ZEBRA: zebra message received [ZEBRA_IPV4_ROUTE_ADD] 19
2017/11/17 11:35:39 ZEBRA: zebra message received [ZEBRA_IPV6_ROUTE_ADD] 41
2017/11/17 11:35:39 ZEBRA: zebra message received [ZEBRA_IPV6_ROUTE_ADD] 41
2017/11/17 11:35:39 ZEBRA: zebra message received [ZEBRA_IPV6_ROUTE_ADD] 41
2017/11/17 11:35:39 ZEBRA: zebra message received [ZEBRA_IPV6_ROUTE_ADD] 41
2017/11/17 11:35:44 ZEBRA: zebra message received [ZEBRA_IPV6_ROUTE_DELETE] 41
2017/11/17 11:35:44 ZEBRA: zebra message received [ZEBRA_IPV6_ROUTE_DELETE] 41
2017/11/17 11:35:44 ZEBRA: zebra message received [ZEBRA_IPV6_ROUTE_ADD] 41
2017/11/17 11:35:44 ZEBRA: zebra message received [ZEBRA_IPV6_ROUTE_ADD] 41
2017/11/17 11:35:50 ZEBRA: zebra message received [ZEBRA_IPV4_ROUTE_ADD] 23
2017/11/17 11:35:50 ZEBRA: zebra message received [ZEBRA_IPV4_ROUTE_ADD] 23
2017/11/17 11:35:59 ZEBRA: zebra message received [ZEBRA_IPV6_ROUTE_DELETE] 41
2017/11/17 11:35:59 ZEBRA: zebra message received [ZEBRA_IPV6_ROUTE_DELETE] 41
2017/11/17 11:35:59 ZEBRA: zebra message received [ZEBRA_IPV6_ROUTE_ADD] 41
2017/11/17 11:35:59 ZEBRA: zebra message received [ZEBRA_IPV6_ROUTE_ADD] 41
2017/11/17 11:36:02 ZEBRA: zebra message received [ZEBRA_IPV6_ROUTE_ADD] 41
2017/11/17 11:36:02 ZEBRA: zebra message received [ZEBRA_IPV6_ROUTE_ADD] 41
2017/11/17 11:36:02 ZEBRA: zebra message received [ZEBRA_IPV6_ROUTE_ADD] 41
2017/11/17 11:36:13 ZEBRA: zebra message received [ZEBRA_IPV6_ROUTE_DELETE] 41
2017/11/17 11:36:13 ZEBRA: zebra message received [ZEBRA_IPV6_ROUTE_ADD] 41
2017/11/17 11:36:13 ZEBRA: zebra message received [ZEBRA_IPV6_ROUTE_ADD] 63
2017/11/17 11:36:13 ZEBRA: zebra message received [ZEBRA_IPV6_ROUTE_ADD] 63
2017/11/17 11:36:13 ZEBRA: zebra message received [ZEBRA_IPV6_ROUTE_ADD] 41
